<?xml version="1.0" encoding="UTF-8"?>
<testsuite name="com.carbooking.taskApp.api.tests.CarApiTest" tests="12" skipped="0" failures="2" errors="0" timestamp="2026-03-25T22:06:22.676Z" hostname="VITROM" time="3.044">
  <properties/>
  <testcase name="testGetAllCars_ShouldReturn200" classname="com.carbooking.taskApp.api.tests.CarApiTest" time="0.898"/>
  <testcase name="testGetCarById_InvalidIdFormat_ShouldReturn400" classname="com.carbooking.taskApp.api.tests.CarApiTest" time="0.556"/>
  <testcase name="testGetCarById_NegativeId_ShouldReturn400" classname="com.carbooking.taskApp.api.tests.CarApiTest" time="0.128"/>
  <testcase name="testGetCarById_NonExistingId_ShouldReturn404" classname="com.carbooking.taskApp.api.tests.CarApiTest" time="0.134"/>
  <testcase name="testGetCarById_WithoutAuth_ShouldWork" classname="com.carbooking.taskApp.api.tests.CarApiTest" time="0.128"/>
  <testcase name="testGetCarById_ZeroId_ShouldReturn400" classname="com.carbooking.taskApp.api.tests.CarApiTest" time="0.102"/>
  <testcase name="testGetCarByNonExistentId_ShouldReturn404" classname="com.carbooking.taskApp.api.tests.CarApiTest" time="0.091"/>
  <testcase name="testGetCarTypes_ShouldReturn200" classname="com.carbooking.taskApp.api.tests.CarApiTest" time="0.151"/>
  <testcase name="testGetCars_CombinedFilters_ShouldWork" classname="com.carbooking.taskApp.api.tests.CarApiTest" time="0.193"/>
  <testcase name="testGetCars_NoCarsAvailable_ShouldReturn200WithEmptyList" classname="com.carbooking.taskApp.api.tests.CarApiTest" time="0.223">
    <failure message="java.lang.AssertionError: ФИЛЬТР НЕ РАБОТАЕТ! Ожидался пустой список, но пришло машин: 10 expected [true] but found [false]" type="java.lang.AssertionError">java.lang.AssertionError: ФИЛЬТР НЕ РАБОТАЕТ! Ожидался пустой список, но пришло машин: 10 expected [true] but found [false]
	at org.testng.Assert.fail(Assert.java:111)
	at org.testng.Assert.failNotEquals(Assert.java:1578)
	at org.testng.Assert.assertTrue(Assert.java:57)
	at com.carbooking.taskApp.api.tests.CarApiTest.testGetCars_NoCarsAvailable_ShouldReturn200WithEmptyList(CarApiTest.java:161)
	at java.base/jdk.internal.reflect.DirectMethodHandleAccessor.invoke(DirectMethodHandleAccessor.java:103)
	at java.base/java.lang.reflect.Method.invoke(Method.java:580)
	at org.testng.internal.invokers.MethodInvocationHelper.invokeMethod(MethodInvocationHelper.java:141)
	at org.testng.internal.invokers.TestInvoker.invokeMethod(TestInvoker.java:686)
	at org.testng.internal.invokers.TestInvoker.invokeTestMethod(TestInvoker.java:230)
	at org.testng.internal.invokers.MethodRunner.runInSequence(MethodRunner.java:63)
	at org.testng.internal.invokers.TestInvoker$MethodInvocationAgent.invoke(TestInvoker.java:992)
	at org.testng.internal.invokers.TestInvoker.invokeTestMethods(TestInvoker.java:203)
	at org.testng.internal.invokers.TestMethodWorker.invokeTestMethods(TestMethodWorker.java:154)
	at org.testng.internal.invokers.TestMethodWorker.run(TestMethodWorker.java:134)
	at java.base/java.util.ArrayList.forEach(ArrayList.java:1596)
	at org.testng.TestRunner.privateRun(TestRunner.java:739)
	at org.testng.TestRunner.run(TestRunner.java:614)
	at org.testng.SuiteRunner.runTest(SuiteRunner.java:421)
	at org.testng.SuiteRunner.runSequentially(SuiteRunner.java:413)
	at org.testng.SuiteRunner.privateRun(SuiteRunner.java:373)
	at org.testng.SuiteRunner.run(SuiteRunner.java:312)
	at org.testng.SuiteRunnerWorker.runSuite(SuiteRunnerWorker.java:52)
	at org.testng.SuiteRunnerWorker.run(SuiteRunnerWorker.java:95)
	at org.testng.TestNG.runSuitesSequentially(TestNG.java:1274)
	at org.testng.TestNG.runSuitesLocally(TestNG.java:1208)
	at org.testng.TestNG.runSuites(TestNG.java:1112)
	at org.testng.TestNG.run(TestNG.java:1079)
	at org.gradle.api.internal.tasks.testing.testng.TestNGTestRunner.runTests(TestNGTestRunner.java:131)
	at org.gradle.api.internal.tasks.testing.testng.TestNGTestDefinitionProcessor.stop(TestNGTestDefinitionProcessor.java:110)
	at org.gradle.api.internal.tasks.testing.SuiteTestDefinitionProcessor.stop(SuiteTestDefinitionProcessor.java:64)
	at java.base/jdk.internal.reflect.DirectMethodHandleAccessor.invoke(DirectMethodHandleAccessor.java:103)
	at java.base/java.lang.reflect.Method.invoke(Method.java:580)
	at org.gradle.internal.dispatch.MethodInvocation.invokeOn(MethodInvocation.java:77)
	at org.gradle.internal.dispatch.ReflectionDispatch.dispatch(ReflectionDispatch.java:28)
	at org.gradle.internal.dispatch.ReflectionDispatch.dispatch(ReflectionDispatch.java:19)
	at org.gradle.internal.dispatch.ContextClassLoaderDispatch.dispatch(ContextClassLoaderDispatch.java:33)
	at org.gradle.internal.dispatch.ProxyDispatchAdapter$DispatchingInvocationHandler.invoke(ProxyDispatchAdapter.java:88)
	at jdk.proxy1/jdk.proxy1.$Proxy4.stop(Unknown Source)
	at org.gradle.api.internal.tasks.testing.worker.TestWorker$3.run(TestWorker.java:195)
	at org.gradle.api.internal.tasks.testing.worker.TestWorker.executeAndMaintainThreadName(TestWorker.java:126)
	at org.gradle.api.internal.tasks.testing.worker.TestWorker.execute(TestWorker.java:103)
	at org.gradle.api.internal.tasks.testing.worker.TestWorker.execute(TestWorker.java:63)
	at org.gradle.process.internal.worker.child.ActionExecutionWorker.execute(ActionExecutionWorker.java:56)
	at org.gradle.process.internal.worker.child.SystemApplicationClassLoaderWorker.call(SystemApplicationClassLoaderWorker.java:122)
	at org.gradle.process.internal.worker.child.SystemApplicationClassLoaderWorker.call(SystemApplicationClassLoaderWorker.java:72)
	at worker.org.gradle.process.internal.worker.GradleWorkerMain.run(GradleWorkerMain.java:69)
	at worker.org.gradle.process.internal.worker.GradleWorkerMain.main(GradleWorkerMain.java:74)
</failure>
  </testcase>
  <testcase name="testGetCars_WithDateFilter_ShouldShowCarsFreeOnDates" classname="com.carbooking.taskApp.api.tests.CarApiTest" time="0.203"/>
  <testcase name="testGetCars_WithPagination_ShouldReturnLimitedResults" classname="com.carbooking.taskApp.api.tests.CarApiTest" time="0.194">
    <failure message="java.lang.AssertionError: No more should return 5 cars expected [true] but found [false]" type="java.lang.AssertionError">java.lang.AssertionError: No more should return 5 cars expected [true] but found [false]
	at org.testng.Assert.fail(Assert.java:111)
	at org.testng.Assert.failNotEquals(Assert.java:1578)
	at org.testng.Assert.assertTrue(Assert.java:57)
	at com.carbooking.taskApp.api.tests.CarApiTest.testGetCars_WithPagination_ShouldReturnLimitedResults(CarApiTest.java:195)
	at java.base/jdk.internal.reflect.DirectMethodHandleAccessor.invoke(DirectMethodHandleAccessor.java:103)
	at java.base/java.lang.reflect.Method.invoke(Method.java:580)
	at org.testng.internal.invokers.MethodInvocationHelper.invokeMethod(MethodInvocationHelper.java:141)
	at org.testng.internal.invokers.TestInvoker.invokeMethod(TestInvoker.java:686)
	at org.testng.internal.invokers.TestInvoker.invokeTestMethod(TestInvoker.java:230)
	at org.testng.internal.invokers.MethodRunner.runInSequence(MethodRunner.java:63)
	at org.testng.internal.invokers.TestInvoker$MethodInvocationAgent.invoke(TestInvoker.java:992)
	at org.testng.internal.invokers.TestInvoker.invokeTestMethods(TestInvoker.java:203)
	at org.testng.internal.invokers.TestMethodWorker.invokeTestMethods(TestMethodWorker.java:154)
	at org.testng.internal.invokers.TestMethodWorker.run(TestMethodWorker.java:134)
	at java.base/java.util.ArrayList.forEach(ArrayList.java:1596)
	at org.testng.TestRunner.privateRun(TestRunner.java:739)
	at org.testng.TestRunner.run(TestRunner.java:614)
	at org.testng.SuiteRunner.runTest(SuiteRunner.java:421)
	at org.testng.SuiteRunner.runSequentially(SuiteRunner.java:413)
	at org.testng.SuiteRunner.privateRun(SuiteRunner.java:373)
	at org.testng.SuiteRunner.run(SuiteRunner.java:312)
	at org.testng.SuiteRunnerWorker.runSuite(SuiteRunnerWorker.java:52)
	at org.testng.SuiteRunnerWorker.run(SuiteRunnerWorker.java:95)
	at org.testng.TestNG.runSuitesSequentially(TestNG.java:1274)
	at org.testng.TestNG.runSuitesLocally(TestNG.java:1208)
	at org.testng.TestNG.runSuites(TestNG.java:1112)
	at org.testng.TestNG.run(TestNG.java:1079)
	at org.gradle.api.internal.tasks.testing.testng.TestNGTestRunner.runTests(TestNGTestRunner.java:131)
	at org.gradle.api.internal.tasks.testing.testng.TestNGTestDefinitionProcessor.stop(TestNGTestDefinitionProcessor.java:110)
	at org.gradle.api.internal.tasks.testing.SuiteTestDefinitionProcessor.stop(SuiteTestDefinitionProcessor.java:64)
	at java.base/jdk.internal.reflect.DirectMethodHandleAccessor.invoke(DirectMethodHandleAccessor.java:103)
	at java.base/java.lang.reflect.Method.invoke(Method.java:580)
	at org.gradle.internal.dispatch.MethodInvocation.invokeOn(MethodInvocation.java:77)
	at org.gradle.internal.dispatch.ReflectionDispatch.dispatch(ReflectionDispatch.java:28)
	at org.gradle.internal.dispatch.ReflectionDispatch.dispatch(ReflectionDispatch.java:19)
	at org.gradle.internal.dispatch.ContextClassLoaderDispatch.dispatch(ContextClassLoaderDispatch.java:33)
	at org.gradle.internal.dispatch.ProxyDispatchAdapter$DispatchingInvocationHandler.invoke(ProxyDispatchAdapter.java:88)
	at jdk.proxy1/jdk.proxy1.$Proxy4.stop(Unknown Source)
	at org.gradle.api.internal.tasks.testing.worker.TestWorker$3.run(TestWorker.java:195)
	at org.gradle.api.internal.tasks.testing.worker.TestWorker.executeAndMaintainThreadName(TestWorker.java:126)
	at org.gradle.api.internal.tasks.testing.worker.TestWorker.execute(TestWorker.java:103)
	at org.gradle.api.internal.tasks.testing.worker.TestWorker.execute(TestWorker.java:63)
	at org.gradle.process.internal.worker.child.ActionExecutionWorker.execute(ActionExecutionWorker.java:56)
	at org.gradle.process.internal.worker.child.SystemApplicationClassLoaderWorker.call(SystemApplicationClassLoaderWorker.java:122)
	at org.gradle.process.internal.worker.child.SystemApplicationClassLoaderWorker.call(SystemApplicationClassLoaderWorker.java:72)
	at worker.org.gradle.process.internal.worker.GradleWorkerMain.run(GradleWorkerMain.java:69)
	at worker.org.gradle.process.internal.worker.GradleWorkerMain.main(GradleWorkerMain.java:74)
</failure>
  </testcase>
  <system-out><![CDATA[23:06:22.679 ?[34mINFO ?[0;39m [Test worker] ?[36mc.c.taskApp.api.config.BaseApiTest?[0;39m - ✅ BaseApiTest initialised
23:06:22.679 ?[34mINFO ?[0;39m [Test worker] ?[36mc.c.taskApp.api.config.BaseApiTest?[0;39m -  BaseURI: https://dev.pshacks.org/api/v3
23:06:22.683 ?[34mINFO ?[0;39m [Test worker] ?[36mcom.carbooking.utils.TestNGListener?[0;39m - 
======================================================================
23:06:22.683 ?[34mINFO ?[0;39m [Test worker] ?[36mcom.carbooking.utils.TestNGListener?[0;39m - ****  TEST STARTED: testGetAllCars_ShouldReturn200
23:06:22.683 ?[34mINFO ?[0;39m [Test worker] ?[36mcom.carbooking.utils.TestNGListener?[0;39m - ======================================================================
23:06:22.683 ?[34mINFO ?[0;39m [Test worker] ?[36mc.carbooking.taskApp.utils.LogUtil?[0;39m - 
]]>&#x1f4cc;<![CDATA[ ШАГ: Request for a list of all cars
Request method:	GET
Request URI:	https://dev.pshacks.org/api/v3/cars
Proxy:			<none>
Request params:	<none>
Query params:	<none>
Form params:	<none>
Path params:	<none>
Headers:		Accept=application/json, application/javascript, text/javascript, text/json
				Content-Type=application/json
Cookies:		<none>
Multiparts:		<none>
Body:			<none>
Request method:	GET
Request URI:	https://dev.pshacks.org/api/v3/cars
Proxy:			<none>
Request params:	<none>
Query params:	<none>
Form params:	<none>
Path params:	<none>
Headers:		Accept=application/json, application/javascript, text/javascript, text/json
				Content-Type=application/json
Cookies:		<none>
Multiparts:		<none>
Body:			<none>
HTTP/1.1 200 OK
Date: Wed, 25 Mar 2026 22:06:23 GMT
Content-Type: application/json; charset=utf-8
Transfer-Encoding: chunked
Connection: keep-alive
access-control-allow-origin: *
etag: W/"b84-EapjJ6yGzPzZHuHNNLTanf0VRBE"
x-powered-by: Express
cf-cache-status: DYNAMIC
Nel: {"report_to":"cf-nel","success_fraction":0.0,"max_age":604800}
Report-To: {"group":"cf-nel","max_age":604800,"endpoints":[{"url":"https://a.nel.cloudflare.com/report/v4?s=aZhRCs9cZuHRwawJQ6u13oClTpseF11CZ%2F6T8a%2BtgfcHv9RURJZujW87Aq1zGI0ukJwIbiiFo%2BY0E1pS%2B3emRbbxHzi0d%2BfvJkjCHSjwhuKZCH7igbAGZM77YQEnpeMaFJI%3D"}]}
Content-Encoding: gzip
Server: cloudflare
CF-RAY: 9e2138f5d8a5d3bd-FRA
alt-svc: h3=":443"; ma=86400

[
    {
        "id": 1,
        "category_id": 1,
        "number_plate": "A123BC77",
        "brand": "Kia",
        "model": "Rio",
        "image_url": "https://dev.pshacks.org/api/v3/cars/1/image",
        "status": "available",
        "created_at": "2026-03-13T12:57:35.806Z",
        "updated_at": "2026-03-13T12:57:35.806Z",
        "category_name": "Economy",
        "price_per_day": "50.00"
    },
    {
        "id": 2,
        "category_id": 1,
        "number_plate": "B456ET77",
        "brand": "Hyundai",
        "model": "Solaris",
        "image_url": "https://dev.pshacks.org/api/v3/cars/2/image",
        "status": "available",
        "created_at": "2026-03-13T12:57:35.806Z",
        "updated_at": "2026-03-13T12:57:35.806Z",
        "category_name": "Economy",
        "price_per_day": "50.00"
    },
    {
        "id": 7,
        "category_id": 1,
        "number_plate": "КА7780ХЕ",
        "brand": "Honda",
        "model": "Civic",
        "image_url": "https://dev.pshacks.org/api/v3/cars/7/image",
        "status": "available",
        "created_at": "2026-03-16T20:52:40.281Z",
        "updated_at": "2026-03-16T20:52:40.281Z",
        "category_name": "Economy",
        "price_per_day": "50.00"
    },
    {
        "id": 6,
        "category_id": 2,
        "number_plate": "ХА5555ОО",
        "brand": "Mitsubishi",
        "model": "Lancer",
        "image_url": "https://dev.pshacks.org/api/v3/cars/6/image",
        "status": "available",
        "created_at": "2026-03-16T20:50:40.040Z",
        "updated_at": "2026-03-16T20:50:40.040Z",
        "category_name": "Comfort",
        "price_per_day": "80.00"
    },
    {
        "id": 3,
        "category_id": 2,
        "number_plate": "K777MM77",
        "brand": "Toyota",
        "model": "Camry",
        "image_url": "https://dev.pshacks.org/api/v3/cars/3/image",
        "status": "available",
        "created_at": "2026-03-13T12:57:35.806Z",
        "updated_at": "2026-03-13T12:57:35.806Z",
        "category_name": "Comfort",
        "price_per_day": "80.00"
    },
    {
        "id": 8,
        "category_id": 2,
        "number_plate": "ОО1234КЕ",
        "brand": "Renault",
        "model": "Captur",
        "image_url": "https://dev.pshacks.org/api/v3/cars/8/image",
        "status": "available",
        "created_at": "2026-03-16T20:58:21.419Z",
        "updated_at": "2026-03-16T20:58:21.419Z",
        "category_name": "Comfort",
        "price_per_day": "80.00"
    },
    {
        "id": 9,
        "category_id": 3,
        "number_plate": "HE6675KO",
        "brand": "Mersedes",
        "model": "S-class",
        "image_url": "https://dev.pshacks.org/api/v3/cars/9/image",
        "status": "available",
        "created_at": "2026-03-16T21:00:07.363Z",
        "updated_at": "2026-03-16T21:00:07.363Z",
        "category_name": "Lux",
        "price_per_day": "120.00"
    },
    {
        "id": 10,
        "category_id": 3,
        "number_plate": "KA0001AA",
        "brand": "Rolls Royce ",
        "model": "Phantom",
        "image_url": "https://dev.pshacks.org/api/v3/cars/10/image",
        "status": "available",
        "created_at": "2026-03-16T21:03:07.683Z",
        "updated_at": "2026-03-16T21:03:07.683Z",
        "category_name": "Lux",
        "price_per_day": "120.00"
    },
    {
        "id": 5,
        "category_id": 3,
        "number_plate": "АК5567СС",
        "brand": "BMW",
        "model": "5",
        "image_url": "https://dev.pshacks.org/api/v3/cars/5/image",
        "status": "available",
        "created_at": "2026-03-16T20:48:29.220Z",
        "updated_at": "2026-03-16T20:48:29.220Z",
        "category_name": "Lux",
        "price_per_day": "120.00"
    },
    {
        "id": 4,
        "category_id": 3,
        "number_plate": "X001XX77",
        "brand": "Porsche",
        "model": "Taycan",
        "image_url": "https://dev.pshacks.org/api/v3/cars/4/image",
        "status": "available",
        "created_at": "2026-03-13T12:57:35.806Z",
        "updated_at": "2026-03-13T12:57:35.806Z",
        "category_name": "Lux",
        "price_per_day": "120.00"
    }
]
HTTP/1.1 200 OK
Date: Wed, 25 Mar 2026 22:06:23 GMT
Content-Type: application/json; charset=utf-8
Transfer-Encoding: chunked
Connection: keep-alive
access-control-allow-origin: *
etag: W/"b84-EapjJ6yGzPzZHuHNNLTanf0VRBE"
x-powered-by: Express
cf-cache-status: DYNAMIC
Nel: {"report_to":"cf-nel","success_fraction":0.0,"max_age":604800}
Report-To: {"group":"cf-nel","max_age":604800,"endpoints":[{"url":"https://a.nel.cloudflare.com/report/v4?s=aZhRCs9cZuHRwawJQ6u13oClTpseF11CZ%2F6T8a%2BtgfcHv9RURJZujW87Aq1zGI0ukJwIbiiFo%2BY0E1pS%2B3emRbbxHzi0d%2BfvJkjCHSjwhuKZCH7igbAGZM77YQEnpeMaFJI%3D"}]}
Content-Encoding: gzip
Server: cloudflare
CF-RAY: 9e2138f5d8a5d3bd-FRA
alt-svc: h3=":443"; ma=86400

[
    {
        "id": 1,
        "category_id": 1,
        "number_plate": "A123BC77",
        "brand": "Kia",
        "model": "Rio",
        "image_url": "https://dev.pshacks.org/api/v3/cars/1/image",
        "status": "available",
        "created_at": "2026-03-13T12:57:35.806Z",
        "updated_at": "2026-03-13T12:57:35.806Z",
        "category_name": "Economy",
        "price_per_day": "50.00"
    },
    {
        "id": 2,
        "category_id": 1,
        "number_plate": "B456ET77",
        "brand": "Hyundai",
        "model": "Solaris",
        "image_url": "https://dev.pshacks.org/api/v3/cars/2/image",
        "status": "available",
        "created_at": "2026-03-13T12:57:35.806Z",
        "updated_at": "2026-03-13T12:57:35.806Z",
        "category_name": "Economy",
        "price_per_day": "50.00"
    },
    {
        "id": 7,
        "category_id": 1,
        "number_plate": "КА7780ХЕ",
        "brand": "Honda",
        "model": "Civic",
        "image_url": "https://dev.pshacks.org/api/v3/cars/7/image",
        "status": "available",
        "created_at": "2026-03-16T20:52:40.281Z",
        "updated_at": "2026-03-16T20:52:40.281Z",
        "category_name": "Economy",
        "price_per_day": "50.00"
    },
    {
        "id": 6,
        "category_id": 2,
        "number_plate": "ХА5555ОО",
        "brand": "Mitsubishi",
        "model": "Lancer",
        "image_url": "https://dev.pshacks.org/api/v3/cars/6/image",
        "status": "available",
        "created_at": "2026-03-16T20:50:40.040Z",
        "updated_at": "2026-03-16T20:50:40.040Z",
        "category_name": "Comfort",
        "price_per_day": "80.00"
    },
    {
        "id": 3,
        "category_id": 2,
        "number_plate": "K777MM77",
        "brand": "Toyota",
        "model": "Camry",
        "image_url": "https://dev.pshacks.org/api/v3/cars/3/image",
        "status": "available",
        "created_at": "2026-03-13T12:57:35.806Z",
        "updated_at": "2026-03-13T12:57:35.806Z",
        "category_name": "Comfort",
        "price_per_day": "80.00"
    },
    {
        "id": 8,
        "category_id": 2,
        "number_plate": "ОО1234КЕ",
        "brand": "Renault",
        "model": "Captur",
        "image_url": "https://dev.pshacks.org/api/v3/cars/8/image",
        "status": "available",
        "created_at": "2026-03-16T20:58:21.419Z",
        "updated_at": "2026-03-16T20:58:21.419Z",
        "category_name": "Comfort",
        "price_per_day": "80.00"
    },
    {
        "id": 9,
        "category_id": 3,
        "number_plate": "HE6675KO",
        "brand": "Mersedes",
        "model": "S-class",
        "image_url": "https://dev.pshacks.org/api/v3/cars/9/image",
        "status": "available",
        "created_at": "2026-03-16T21:00:07.363Z",
        "updated_at": "2026-03-16T21:00:07.363Z",
        "category_name": "Lux",
        "price_per_day": "120.00"
    },
    {
        "id": 10,
        "category_id": 3,
        "number_plate": "KA0001AA",
        "brand": "Rolls Royce ",
        "model": "Phantom",
        "image_url": "https://dev.pshacks.org/api/v3/cars/10/image",
        "status": "available",
        "created_at": "2026-03-16T21:03:07.683Z",
        "updated_at": "2026-03-16T21:03:07.683Z",
        "category_name": "Lux",
        "price_per_day": "120.00"
    },
    {
        "id": 5,
        "category_id": 3,
        "number_plate": "АК5567СС",
        "brand": "BMW",
        "model": "5",
        "image_url": "https://dev.pshacks.org/api/v3/cars/5/image",
        "status": "available",
        "created_at": "2026-03-16T20:48:29.220Z",
        "updated_at": "2026-03-16T20:48:29.220Z",
        "category_name": "Lux",
        "price_per_day": "120.00"
    },
    {
        "id": 4,
        "category_id": 3,
        "number_plate": "X001XX77",
        "brand": "Porsche",
        "model": "Taycan",
        "image_url": "https://dev.pshacks.org/api/v3/cars/4/image",
        "status": "available",
        "created_at": "2026-03-13T12:57:35.806Z",
        "updated_at": "2026-03-13T12:57:35.806Z",
        "category_name": "Lux",
        "price_per_day": "120.00"
    }
]
23:06:22.924 ?[34mINFO ?[0;39m [Test worker] ?[36mc.carbooking.taskApp.utils.LogUtil?[0;39m - ]]>&#x1f4e5;<![CDATA[ API ответ: статус 200
23:06:23.581 ?[34mINFO ?[0;39m [Test worker] ?[36mc.carbooking.taskApp.utils.LogUtil?[0;39m - ✅ Car with ID is available: 1
23:06:23.581 ?[34mINFO ?[0;39m [Test worker] ?[36mcom.carbooking.utils.TestNGListener?[0;39m - ✅ TEST PASSED: testGetAllCars_ShouldReturn200
23:06:23.581 ?[34mINFO ?[0;39m [Test worker] ?[36mcom.carbooking.utils.TestNGListener?[0;39m - ----------------------------------------------------------------------
23:06:23.581 ?[34mINFO ?[0;39m [Test worker] ?[36mcom.carbooking.utils.TestNGListener?[0;39m - 
======================================================================
23:06:23.581 ?[34mINFO ?[0;39m [Test worker] ?[36mcom.carbooking.utils.TestNGListener?[0;39m - ****  TEST STARTED: testGetCarById_InvalidIdFormat_ShouldReturn400
23:06:23.581 ?[34mINFO ?[0;39m [Test worker] ?[36mcom.carbooking.utils.TestNGListener?[0;39m - ======================================================================
23:06:23.581 ?[34mINFO ?[0;39m [Test worker] ?[36mc.carbooking.taskApp.utils.LogUtil?[0;39m - 
]]>&#x1f4cc;<![CDATA[ ШАГ: Negative test: incorrect ID format
Request method:	GET
Request URI:	https://dev.pshacks.org/api/v3/cars/abc123
Proxy:			<none>
Request params:	<none>
Query params:	<none>
Form params:	<none>
Path params:	<none>
Headers:		Accept=application/json, application/javascript, text/javascript, text/json
				Content-Type=application/json
Cookies:		<none>
Multiparts:		<none>
Body:			<none>
Request method:	GET
Request URI:	https://dev.pshacks.org/api/v3/cars/abc123
Proxy:			<none>
Request params:	<none>
Query params:	<none>
Form params:	<none>
Path params:	<none>
Headers:		Accept=application/json, application/javascript, text/javascript, text/json
				Content-Type=application/json
Cookies:		<none>
Multiparts:		<none>
Body:			<none>
HTTP/1.1 404 Not Found
Date: Wed, 25 Mar 2026 22:06:24 GMT
Content-Type: text/html; charset=utf-8
Transfer-Encoding: chunked
Connection: keep-alive
access-control-allow-origin: *
content-security-policy: default-src 'none'
x-content-type-options: nosniff
x-powered-by: Express
cf-cache-status: DYNAMIC
Nel: {"report_to":"cf-nel","success_fraction":0.0,"max_age":604800}
Report-To: {"group":"cf-nel","max_age":604800,"endpoints":[{"url":"https://a.nel.cloudflare.com/report/v4?s=s%2BFMaUouyT4UFIHV2R%2BvkOwqici52ubqOxHrVs7CwjXTyDouycFw%2Bh%2FcXFZvh48DFinAjaE4VodQ8a%2BE8CkAupCpFLHIdCikaywNv1a9GW%2FHPJhS1CtHXCcNP5ScicONg3c%3D"}]}
Content-Encoding: gzip
Server: cloudflare
CF-RAY: 9e2138fb486cdb12-FRA
alt-svc: h3=":443"; ma=86400

<html lang="en">
  <head>
    <meta charset="utf-8"/>
    <title>Error</title>
  </head>
  <body>
    <pre>Cannot GET /api/v3/cars/abc123</pre>
  </body>
</html>
HTTP/1.1 404 Not Found
Date: Wed, 25 Mar 2026 22:06:24 GMT
Content-Type: text/html; charset=utf-8
Transfer-Encoding: chunked
Connection: keep-alive
access-control-allow-origin: *
content-security-policy: default-src 'none'
x-content-type-options: nosniff
x-powered-by: Express
cf-cache-status: DYNAMIC
Nel: {"report_to":"cf-nel","success_fraction":0.0,"max_age":604800}
Report-To: {"group":"cf-nel","max_age":604800,"endpoints":[{"url":"https://a.nel.cloudflare.com/report/v4?s=s%2BFMaUouyT4UFIHV2R%2BvkOwqici52ubqOxHrVs7CwjXTyDouycFw%2Bh%2FcXFZvh48DFinAjaE4VodQ8a%2BE8CkAupCpFLHIdCikaywNv1a9GW%2FHPJhS1CtHXCcNP5ScicONg3c%3D"}]}
Content-Encoding: gzip
Server: cloudflare
CF-RAY: 9e2138fb486cdb12-FRA
alt-svc: h3=":443"; ma=86400

<html lang="en">
  <head>
    <meta charset="utf-8"/>
    <title>Error</title>
  </head>
  <body>
    <pre>Cannot GET /api/v3/cars/abc123</pre>
  </body>
</html>
23:06:24.128 ?[34mINFO ?[0;39m [Test worker] ?[36mc.carbooking.taskApp.utils.LogUtil?[0;39m - ]]>&#x1f4e5;<![CDATA[ API ответ: статус 404
23:06:24.137 ?[34mINFO ?[0;39m [Test worker] ?[36mc.carbooking.taskApp.utils.LogUtil?[0;39m - ✅ ℹ️ The API returned 404 – that is acceptable too
23:06:24.138 ?[34mINFO ?[0;39m [Test worker] ?[36mcom.carbooking.utils.TestNGListener?[0;39m - ✅ TEST PASSED: testGetCarById_InvalidIdFormat_ShouldReturn400
23:06:24.138 ?[34mINFO ?[0;39m [Test worker] ?[36mcom.carbooking.utils.TestNGListener?[0;39m - ----------------------------------------------------------------------
23:06:24.138 ?[34mINFO ?[0;39m [Test worker] ?[36mcom.carbooking.utils.TestNGListener?[0;39m - 
======================================================================
23:06:24.139 ?[34mINFO ?[0;39m [Test worker] ?[36mcom.carbooking.utils.TestNGListener?[0;39m - ****  TEST STARTED: testGetCarById_NegativeId_ShouldReturn400
23:06:24.139 ?[34mINFO ?[0;39m [Test worker] ?[36mcom.carbooking.utils.TestNGListener?[0;39m - ======================================================================
23:06:24.141 ?[34mINFO ?[0;39m [Test worker] ?[36mc.carbooking.taskApp.utils.LogUtil?[0;39m - 
]]>&#x1f4cc;<![CDATA[ ШАГ: Negative test: negative ID
Request method:	GET
Request URI:	https://dev.pshacks.org/api/v3/cars/-5
Proxy:			<none>
Request params:	<none>
Query params:	<none>
Form params:	<none>
Path params:	<none>
Headers:		Accept=application/json, application/javascript, text/javascript, text/json
				Content-Type=application/json
Cookies:		<none>
Multiparts:		<none>
Body:			<none>
Request method:	GET
Request URI:	https://dev.pshacks.org/api/v3/cars/-5
Proxy:			<none>
Request params:	<none>
Query params:	<none>
Form params:	<none>
Path params:	<none>
Headers:		Accept=application/json, application/javascript, text/javascript, text/json
				Content-Type=application/json
Cookies:		<none>
Multiparts:		<none>
Body:			<none>
HTTP/1.1 404 Not Found
Date: Wed, 25 Mar 2026 22:06:25 GMT
Content-Type: text/html; charset=utf-8
Transfer-Encoding: chunked
Connection: keep-alive
access-control-allow-origin: *
content-security-policy: default-src 'none'
x-content-type-options: nosniff
x-powered-by: Express
cf-cache-status: DYNAMIC
Nel: {"report_to":"cf-nel","success_fraction":0.0,"max_age":604800}
Report-To: {"group":"cf-nel","max_age":604800,"endpoints":[{"url":"https://a.nel.cloudflare.com/report/v4?s=lXjKnMDnUd2QVMt6EZeTcQxmYoiwubr%2FMuT%2FMcBg6aR%2Bpd0m2NuLWhuJElGRPYuhZxKGoy%2FqxtCLWKFkdzfPlNsJNOMdDTH2WPfnpCK%2FXUMpHqzVsXdKOoJBYuTYMfJq2Pc%3D"}]}
Content-Encoding: gzip
Server: cloudflare
CF-RAY: 9e2138fec9ad1f99-FRA
alt-svc: h3=":443"; ma=86400

<html lang="en">
  <head>
    <meta charset="utf-8"/>
    <title>Error</title>
  </head>
  <body>
    <pre>Cannot GET /api/v3/cars/-5</pre>
  </body>
</html>
HTTP/1.1 404 Not Found
Date: Wed, 25 Mar 2026 22:06:25 GMT
Content-Type: text/html; charset=utf-8
Transfer-Encoding: chunked
Connection: keep-alive
access-control-allow-origin: *
content-security-policy: default-src 'none'
x-content-type-options: nosniff
x-powered-by: Express
cf-cache-status: DYNAMIC
Nel: {"report_to":"cf-nel","success_fraction":0.0,"max_age":604800}
Report-To: {"group":"cf-nel","max_age":604800,"endpoints":[{"url":"https://a.nel.cloudflare.com/report/v4?s=lXjKnMDnUd2QVMt6EZeTcQxmYoiwubr%2FMuT%2FMcBg6aR%2Bpd0m2NuLWhuJElGRPYuhZxKGoy%2FqxtCLWKFkdzfPlNsJNOMdDTH2WPfnpCK%2FXUMpHqzVsXdKOoJBYuTYMfJq2Pc%3D"}]}
Content-Encoding: gzip
Server: cloudflare
CF-RAY: 9e2138fec9ad1f99-FRA
alt-svc: h3=":443"; ma=86400

<html lang="en">
  <head>
    <meta charset="utf-8"/>
    <title>Error</title>
  </head>
  <body>
    <pre>Cannot GET /api/v3/cars/-5</pre>
  </body>
</html>
23:06:24.266 ?[34mINFO ?[0;39m [Test worker] ?[36mc.carbooking.taskApp.utils.LogUtil?[0;39m - ]]>&#x1f4e5;<![CDATA[ API ответ: статус 404
23:06:24.266 ?[34mINFO ?[0;39m [Test worker] ?[36mc.carbooking.taskApp.utils.LogUtil?[0;39m - ✅ ✅ Test Good!
23:06:24.266 ?[34mINFO ?[0;39m [Test worker] ?[36mcom.carbooking.utils.TestNGListener?[0;39m - ✅ TEST PASSED: testGetCarById_NegativeId_ShouldReturn400
23:06:24.266 ?[34mINFO ?[0;39m [Test worker] ?[36mcom.carbooking.utils.TestNGListener?[0;39m - ----------------------------------------------------------------------
23:06:24.266 ?[34mINFO ?[0;39m [Test worker] ?[36mcom.carbooking.utils.TestNGListener?[0;39m - 
======================================================================
23:06:24.266 ?[34mINFO ?[0;39m [Test worker] ?[36mcom.carbooking.utils.TestNGListener?[0;39m - ****  TEST STARTED: testGetCarById_NonExistingId_ShouldReturn404
23:06:24.266 ?[34mINFO ?[0;39m [Test worker] ?[36mcom.carbooking.utils.TestNGListener?[0;39m - ======================================================================
23:06:24.266 ?[34mINFO ?[0;39m [Test worker] ?[36mc.carbooking.taskApp.utils.LogUtil?[0;39m - 
]]>&#x1f4cc;<![CDATA[ ШАГ: Negative test: request for a non-existent machine
Request method:	GET
Request URI:	https://dev.pshacks.org/api/v3/cars/999999
Proxy:			<none>
Request params:	<none>
Query params:	<none>
Form params:	<none>
Path params:	<none>
Headers:		Accept=application/json, application/javascript, text/javascript, text/json
				Content-Type=application/json
Cookies:		<none>
Multiparts:		<none>
Body:			<none>
Request method:	GET
Request URI:	https://dev.pshacks.org/api/v3/cars/999999
Proxy:			<none>
Request params:	<none>
Query params:	<none>
Form params:	<none>
Path params:	<none>
Headers:		Accept=application/json, application/javascript, text/javascript, text/json
				Content-Type=application/json
Cookies:		<none>
Multiparts:		<none>
Body:			<none>
HTTP/1.1 404 Not Found
Date: Wed, 25 Mar 2026 22:06:25 GMT
Content-Type: text/html; charset=utf-8
Transfer-Encoding: chunked
Connection: keep-alive
access-control-allow-origin: *
content-security-policy: default-src 'none'
x-content-type-options: nosniff
x-powered-by: Express
cf-cache-status: DYNAMIC
Nel: {"report_to":"cf-nel","success_fraction":0.0,"max_age":604800}
Report-To: {"group":"cf-nel","max_age":604800,"endpoints":[{"url":"https://a.nel.cloudflare.com/report/v4?s=%2BcthxWah3bHi5MNnookFsp4C9%2Fkyx4dtfb4Pdlj7MYo6TVM4vK6XJRfRby2pjYlRsiT6l7qtWdlSk%2F2tws5t9H12h1QNmlEW%2BTOB7T9lWuYjX4sJElu6ST6VCfDD6zeOmek%3D"}]}
Content-Encoding: gzip
Server: cloudflare
CF-RAY: 9e2138ff9f863825-FRA
alt-svc: h3=":443"; ma=86400

<html lang="en">
  <head>
    <meta charset="utf-8"/>
    <title>Error</title>
  </head>
  <body>
    <pre>Cannot GET /api/v3/cars/999999</pre>
  </body>
</html>
HTTP/1.1 404 Not Found
Date: Wed, 25 Mar 2026 22:06:25 GMT
Content-Type: text/html; charset=utf-8
Transfer-Encoding: chunked
Connection: keep-alive
access-control-allow-origin: *
content-security-policy: default-src 'none'
x-content-type-options: nosniff
x-powered-by: Express
cf-cache-status: DYNAMIC
Nel: {"report_to":"cf-nel","success_fraction":0.0,"max_age":604800}
Report-To: {"group":"cf-nel","max_age":604800,"endpoints":[{"url":"https://a.nel.cloudflare.com/report/v4?s=%2BcthxWah3bHi5MNnookFsp4C9%2Fkyx4dtfb4Pdlj7MYo6TVM4vK6XJRfRby2pjYlRsiT6l7qtWdlSk%2F2tws5t9H12h1QNmlEW%2BTOB7T9lWuYjX4sJElu6ST6VCfDD6zeOmek%3D"}]}
Content-Encoding: gzip
Server: cloudflare
CF-RAY: 9e2138ff9f863825-FRA
alt-svc: h3=":443"; ma=86400

<html lang="en">
  <head>
    <meta charset="utf-8"/>
    <title>Error</title>
  </head>
  <body>
    <pre>Cannot GET /api/v3/cars/999999</pre>
  </body>
</html>
23:06:24.400 ?[34mINFO ?[0;39m [Test worker] ?[36mc.carbooking.taskApp.utils.LogUtil?[0;39m - ]]>&#x1f4e5;<![CDATA[ API ответ: статус 404
23:06:24.400 ?[34mINFO ?[0;39m [Test worker] ?[36mc.carbooking.taskApp.utils.LogUtil?[0;39m - ✅ ✅ API Returned 404 - correct
23:06:24.400 ?[34mINFO ?[0;39m [Test worker] ?[36mcom.carbooking.utils.TestNGListener?[0;39m - ✅ TEST PASSED: testGetCarById_NonExistingId_ShouldReturn404
23:06:24.400 ?[34mINFO ?[0;39m [Test worker] ?[36mcom.carbooking.utils.TestNGListener?[0;39m - ----------------------------------------------------------------------
23:06:24.400 ?[34mINFO ?[0;39m [Test worker] ?[36mcom.carbooking.utils.TestNGListener?[0;39m - 
======================================================================
23:06:24.400 ?[34mINFO ?[0;39m [Test worker] ?[36mcom.carbooking.utils.TestNGListener?[0;39m - ****  TEST STARTED: testGetCarById_WithoutAuth_ShouldWork
23:06:24.400 ?[34mINFO ?[0;39m [Test worker] ?[36mcom.carbooking.utils.TestNGListener?[0;39m - ======================================================================
23:06:24.400 ?[34mINFO ?[0;39m [Test worker] ?[36mc.carbooking.taskApp.utils.LogUtil?[0;39m - 
]]>&#x1f4cc;<![CDATA[ ШАГ: Check: is authorisation required to view the car
Request method:	GET
Request URI:	https://dev.pshacks.org/api/v3/cars/1
Proxy:			<none>
Request params:	<none>
Query params:	<none>
Form params:	<none>
Path params:	<none>
Headers:		Accept=application/json, application/javascript, text/javascript, text/json
				Content-Type=application/json
Cookies:		<none>
Multiparts:		<none>
Body:			<none>
Request method:	GET
Request URI:	https://dev.pshacks.org/api/v3/cars/1
Proxy:			<none>
Request params:	<none>
Query params:	<none>
Form params:	<none>
Path params:	<none>
Headers:		Accept=application/json, application/javascript, text/javascript, text/json
				Content-Type=application/json
Cookies:		<none>
Multiparts:		<none>
Body:			<none>
HTTP/1.1 404 Not Found
Date: Wed, 25 Mar 2026 22:06:25 GMT
Content-Type: text/html; charset=utf-8
Transfer-Encoding: chunked
Connection: keep-alive
access-control-allow-origin: *
content-security-policy: default-src 'none'
x-content-type-options: nosniff
x-powered-by: Express
cf-cache-status: DYNAMIC
Nel: {"report_to":"cf-nel","success_fraction":0.0,"max_age":604800}
Report-To: {"group":"cf-nel","max_age":604800,"endpoints":[{"url":"https://a.nel.cloudflare.com/report/v4?s=PfdQh6WhaK2rz%2Foiw%2BbGHWSAYOm3iGSfK6pXEMQilIChfcG%2F51KqplNui1V9SvjDjQ6DBk94sbx5yIPk0f%2FzAzo4qKq2vejKzZ4D6Me9OJPTkTXFigtgDzvHeo9QEOxXRuE%3D"}]}
Content-Encoding: gzip
Server: cloudflare
CF-RAY: 9e2139007899dc52-FRA
alt-svc: h3=":443"; ma=86400

<html lang="en">
  <head>
    <meta charset="utf-8"/>
    <title>Error</title>
  </head>
  <body>
    <pre>Cannot GET /api/v3/cars/1</pre>
  </body>
</html>
HTTP/1.1 404 Not Found
Date: Wed, 25 Mar 2026 22:06:25 GMT
Content-Type: text/html; charset=utf-8
Transfer-Encoding: chunked
Connection: keep-alive
access-control-allow-origin: *
content-security-policy: default-src 'none'
x-content-type-options: nosniff
x-powered-by: Express
cf-cache-status: DYNAMIC
Nel: {"report_to":"cf-nel","success_fraction":0.0,"max_age":604800}
Report-To: {"group":"cf-nel","max_age":604800,"endpoints":[{"url":"https://a.nel.cloudflare.com/report/v4?s=PfdQh6WhaK2rz%2Foiw%2BbGHWSAYOm3iGSfK6pXEMQilIChfcG%2F51KqplNui1V9SvjDjQ6DBk94sbx5yIPk0f%2FzAzo4qKq2vejKzZ4D6Me9OJPTkTXFigtgDzvHeo9QEOxXRuE%3D"}]}
Content-Encoding: gzip
Server: cloudflare
CF-RAY: 9e2139007899dc52-FRA
alt-svc: h3=":443"; ma=86400

<html lang="en">
  <head>
    <meta charset="utf-8"/>
    <title>Error</title>
  </head>
  <body>
    <pre>Cannot GET /api/v3/cars/1</pre>
  </body>
</html>
23:06:24.528 ?[34mINFO ?[0;39m [Test worker] ?[36mc.carbooking.taskApp.utils.LogUtil?[0;39m - ]]>&#x1f4e5;<![CDATA[ API ответ: статус 404
23:06:24.530 ?[34mINFO ?[0;39m [Test worker] ?[36mcom.carbooking.utils.TestNGListener?[0;39m - ✅ TEST PASSED: testGetCarById_WithoutAuth_ShouldWork
23:06:24.530 ?[34mINFO ?[0;39m [Test worker] ?[36mcom.carbooking.utils.TestNGListener?[0;39m - ----------------------------------------------------------------------
23:06:24.531 ?[34mINFO ?[0;39m [Test worker] ?[36mcom.carbooking.utils.TestNGListener?[0;39m - 
======================================================================
23:06:24.531 ?[34mINFO ?[0;39m [Test worker] ?[36mcom.carbooking.utils.TestNGListener?[0;39m - ****  TEST STARTED: testGetCarById_ZeroId_ShouldReturn400
23:06:24.531 ?[34mINFO ?[0;39m [Test worker] ?[36mcom.carbooking.utils.TestNGListener?[0;39m - ======================================================================
23:06:24.532 ?[34mINFO ?[0;39m [Test worker] ?[36mc.carbooking.taskApp.utils.LogUtil?[0;39m - 
]]>&#x1f4cc;<![CDATA[ ШАГ: Negative test: ID = 0
Request method:	GET
Request URI:	https://dev.pshacks.org/api/v3/cars/0
Proxy:			<none>
Request params:	<none>
Query params:	<none>
Form params:	<none>
Path params:	<none>
Headers:		Accept=application/json, application/javascript, text/javascript, text/json
				Content-Type=application/json
Cookies:		<none>
Multiparts:		<none>
Body:			<none>
Request method:	GET
Request URI:	https://dev.pshacks.org/api/v3/cars/0
Proxy:			<none>
Request params:	<none>
Query params:	<none>
Form params:	<none>
Path params:	<none>
Headers:		Accept=application/json, application/javascript, text/javascript, text/json
				Content-Type=application/json
Cookies:		<none>
Multiparts:		<none>
Body:			<none>
HTTP/1.1 404 Not Found
Date: Wed, 25 Mar 2026 22:06:25 GMT
Content-Type: text/html; charset=utf-8
Transfer-Encoding: chunked
Connection: keep-alive
access-control-allow-origin: *
content-security-policy: default-src 'none'
x-content-type-options: nosniff
x-powered-by: Express
cf-cache-status: DYNAMIC
Nel: {"report_to":"cf-nel","success_fraction":0.0,"max_age":604800}
Report-To: {"group":"cf-nel","max_age":604800,"endpoints":[{"url":"https://a.nel.cloudflare.com/report/v4?s=QH5jS8nH6MhZAPDzOCk5a7GHoHNzzmHZyGHn0EprSK8AmyFXMZ7PbrMzofYUFOVi%2FcT8HzE1%2BVYsuFdy9iat3ZKNZMcjDNDQsNyFz8S9vlnVvqnad98JrlfV%2BGRFKeHouIg%3D"}]}
Content-Encoding: gzip
Server: cloudflare
CF-RAY: 9e2139012de2dbb9-FRA
alt-svc: h3=":443"; ma=86400

<html lang="en">
  <head>
    <meta charset="utf-8"/>
    <title>Error</title>
  </head>
  <body>
    <pre>Cannot GET /api/v3/cars/0</pre>
  </body>
</html>
HTTP/1.1 404 Not Found
Date: Wed, 25 Mar 2026 22:06:25 GMT
Content-Type: text/html; charset=utf-8
Transfer-Encoding: chunked
Connection: keep-alive
access-control-allow-origin: *
content-security-policy: default-src 'none'
x-content-type-options: nosniff
x-powered-by: Express
cf-cache-status: DYNAMIC
Nel: {"report_to":"cf-nel","success_fraction":0.0,"max_age":604800}
Report-To: {"group":"cf-nel","max_age":604800,"endpoints":[{"url":"https://a.nel.cloudflare.com/report/v4?s=QH5jS8nH6MhZAPDzOCk5a7GHoHNzzmHZyGHn0EprSK8AmyFXMZ7PbrMzofYUFOVi%2FcT8HzE1%2BVYsuFdy9iat3ZKNZMcjDNDQsNyFz8S9vlnVvqnad98JrlfV%2BGRFKeHouIg%3D"}]}
Content-Encoding: gzip
Server: cloudflare
CF-RAY: 9e2139012de2dbb9-FRA
alt-svc: h3=":443"; ma=86400

<html lang="en">
  <head>
    <meta charset="utf-8"/>
    <title>Error</title>
  </head>
  <body>
    <pre>Cannot GET /api/v3/cars/0</pre>
  </body>
</html>
23:06:24.633 ?[34mINFO ?[0;39m [Test worker] ?[36mc.carbooking.taskApp.utils.LogUtil?[0;39m - ]]>&#x1f4e5;<![CDATA[ API ответ: статус 404
23:06:24.633 ?[34mINFO ?[0;39m [Test worker] ?[36mc.carbooking.taskApp.utils.LogUtil?[0;39m - ✅ ✅ Test OK
23:06:24.649 ?[34mINFO ?[0;39m [Test worker] ?[36mcom.carbooking.utils.TestNGListener?[0;39m - ✅ TEST PASSED: testGetCarById_ZeroId_ShouldReturn400
23:06:24.649 ?[34mINFO ?[0;39m [Test worker] ?[36mcom.carbooking.utils.TestNGListener?[0;39m - ----------------------------------------------------------------------
23:06:24.649 ?[34mINFO ?[0;39m [Test worker] ?[36mcom.carbooking.utils.TestNGListener?[0;39m - 
======================================================================
23:06:24.649 ?[34mINFO ?[0;39m [Test worker] ?[36mcom.carbooking.utils.TestNGListener?[0;39m - ****  TEST STARTED: testGetCarByNonExistentId_ShouldReturn404
23:06:24.649 ?[34mINFO ?[0;39m [Test worker] ?[36mcom.carbooking.utils.TestNGListener?[0;39m - ======================================================================
23:06:24.649 ?[34mINFO ?[0;39m [Test worker] ?[36mc.carbooking.taskApp.utils.LogUtil?[0;39m - 
]]>&#x1f4cc;<![CDATA[ ШАГ: Negative test: request for the machine with ID 999999
Request method:	GET
Request URI:	https://dev.pshacks.org/api/v3/cars/999999
Proxy:			<none>
Request params:	<none>
Query params:	<none>
Form params:	<none>
Path params:	<none>
Headers:		Accept=application/json, application/javascript, text/javascript, text/json
				Content-Type=application/json
Cookies:		<none>
Multiparts:		<none>
Body:			<none>
Request method:	GET
Request URI:	https://dev.pshacks.org/api/v3/cars/999999
Proxy:			<none>
Request params:	<none>
Query params:	<none>
Form params:	<none>
Path params:	<none>
Headers:		Accept=application/json, application/javascript, text/javascript, text/json
				Content-Type=application/json
Cookies:		<none>
Multiparts:		<none>
Body:			<none>
HTTP/1.1 404 Not Found
Date: Wed, 25 Mar 2026 22:06:25 GMT
Content-Type: text/html; charset=utf-8
Transfer-Encoding: chunked
Connection: keep-alive
access-control-allow-origin: *
content-security-policy: default-src 'none'
x-content-type-options: nosniff
x-powered-by: Express
cf-cache-status: DYNAMIC
Nel: {"report_to":"cf-nel","success_fraction":0.0,"max_age":604800}
Report-To: {"group":"cf-nel","max_age":604800,"endpoints":[{"url":"https://a.nel.cloudflare.com/report/v4?s=80rtfO1oCYb16YIZXUNKmqTICLG0bjH5Ju9oBv8ZYbSWL1qcTiAzVDqsURmVCH9ctm76TEj12G3fkfrCwzCFbj1Q60doqGv4sQpafuBPMg0qVV%2F%2BiJfcut1j8qsAuUBw2jk%3D"}]}
Content-Encoding: gzip
Server: cloudflare
CF-RAY: 9e213901d9d6dc92-FRA
alt-svc: h3=":443"; ma=86400

<html lang="en">
  <head>
    <meta charset="utf-8"/>
    <title>Error</title>
  </head>
  <body>
    <pre>Cannot GET /api/v3/cars/999999</pre>
  </body>
</html>
HTTP/1.1 404 Not Found
Date: Wed, 25 Mar 2026 22:06:25 GMT
Content-Type: text/html; charset=utf-8
Transfer-Encoding: chunked
Connection: keep-alive
access-control-allow-origin: *
content-security-policy: default-src 'none'
x-content-type-options: nosniff
x-powered-by: Express
cf-cache-status: DYNAMIC
Nel: {"report_to":"cf-nel","success_fraction":0.0,"max_age":604800}
Report-To: {"group":"cf-nel","max_age":604800,"endpoints":[{"url":"https://a.nel.cloudflare.com/report/v4?s=80rtfO1oCYb16YIZXUNKmqTICLG0bjH5Ju9oBv8ZYbSWL1qcTiAzVDqsURmVCH9ctm76TEj12G3fkfrCwzCFbj1Q60doqGv4sQpafuBPMg0qVV%2F%2BiJfcut1j8qsAuUBw2jk%3D"}]}
Content-Encoding: gzip
Server: cloudflare
CF-RAY: 9e213901d9d6dc92-FRA
alt-svc: h3=":443"; ma=86400

<html lang="en">
  <head>
    <meta charset="utf-8"/>
    <title>Error</title>
  </head>
  <body>
    <pre>Cannot GET /api/v3/cars/999999</pre>
  </body>
</html>
23:06:24.740 ?[34mINFO ?[0;39m [Test worker] ?[36mc.carbooking.taskApp.utils.LogUtil?[0;39m - ]]>&#x1f4e5;<![CDATA[ API ответ: статус 404
23:06:24.740 ?[34mINFO ?[0;39m [Test worker] ?[36mcom.carbooking.utils.TestNGListener?[0;39m - ✅ TEST PASSED: testGetCarByNonExistentId_ShouldReturn404
23:06:24.740 ?[34mINFO ?[0;39m [Test worker] ?[36mcom.carbooking.utils.TestNGListener?[0;39m - ----------------------------------------------------------------------
23:06:24.740 ?[34mINFO ?[0;39m [Test worker] ?[36mcom.carbooking.utils.TestNGListener?[0;39m - 
======================================================================
23:06:24.740 ?[34mINFO ?[0;39m [Test worker] ?[36mcom.carbooking.utils.TestNGListener?[0;39m - ****  TEST STARTED: testGetCarTypes_ShouldReturn200
23:06:24.740 ?[34mINFO ?[0;39m [Test worker] ?[36mcom.carbooking.utils.TestNGListener?[0;39m - ======================================================================
23:06:24.740 ?[34mINFO ?[0;39m [Test worker] ?[36mc.carbooking.taskApp.utils.LogUtil?[0;39m - 
]]>&#x1f4cc;<![CDATA[ ШАГ: Obtaining vehicle categories
Request method:	GET
Request URI:	https://dev.pshacks.org/api/v3/car-categories
Proxy:			<none>
Request params:	<none>
Query params:	<none>
Form params:	<none>
Path params:	<none>
Headers:		Accept=application/json, application/javascript, text/javascript, text/json
				Content-Type=application/json
Cookies:		<none>
Multiparts:		<none>
Body:			<none>
Request method:	GET
Request URI:	https://dev.pshacks.org/api/v3/car-categories
Proxy:			<none>
Request params:	<none>
Query params:	<none>
Form params:	<none>
Path params:	<none>
Headers:		Accept=application/json, application/javascript, text/javascript, text/json
				Content-Type=application/json
Cookies:		<none>
Multiparts:		<none>
Body:			<none>
HTTP/1.1 200 OK
Date: Wed, 25 Mar 2026 22:06:25 GMT
Content-Type: application/json; charset=utf-8
Transfer-Encoding: chunked
Connection: keep-alive
access-control-allow-origin: *
etag: W/"2f1-KgzNXR13iiZsGd9vGUR8VPpVUm8"
x-powered-by: Express
cf-cache-status: DYNAMIC
Nel: {"report_to":"cf-nel","success_fraction":0.0,"max_age":604800}
Report-To: {"group":"cf-nel","max_age":604800,"endpoints":[{"url":"https://a.nel.cloudflare.com/report/v4?s=KWk%2FSLxiWpb7hvEJbN8PR7XslrMWx%2FFBB3kFy6mJmVn6jee%2BtAzRBY5MLm4Pm8OEDUJEatPOfRDk3hjFCvP1OuO9OW2ks5SI5oNTdQL3MyhRcgrnyc7O1oe7dJCCFecMJtk%3D"}]}
Content-Encoding: gzip
Server: cloudflare
CF-RAY: 9e21390289ed7c0a-FRA
alt-svc: h3=":443"; ma=86400

[
    {
        "id": 1,
        "name": "Economy",
        "description": "Small hatchbacks, low fuel consumption",
        "price_per_day": "50.00",
        "image_url": "https://images.unsplash.com/photo-1549399542-7e3f8b79c341?auto=format&fit=crop&w=1200&q=80",
        "created_at": "2026-03-13T12:57:35.782Z"
    },
    {
        "id": 2,
        "name": "Comfort",
        "description": "Sedans with climate control and soft suspension",
        "price_per_day": "80.00",
        "image_url": "https://images.unsplash.com/photo-1494976388531-d1058494cdd8?auto=format&fit=crop&w=1200&q=80",
        "created_at": "2026-03-13T12:57:35.782Z"
    },
    {
        "id": 3,
        "name": "Lux",
        "description": "Premium SUVs and sports cars",
        "price_per_day": "120.00",
        "image_url": "https://images.unsplash.com/photo-1503376780353-7e6692767b70?auto=format&fit=crop&w=1200&q=80",
        "created_at": "2026-03-13T12:57:35.782Z"
    }
]
HTTP/1.1 200 OK
Date: Wed, 25 Mar 2026 22:06:25 GMT
Content-Type: application/json; charset=utf-8
Transfer-Encoding: chunked
Connection: keep-alive
access-control-allow-origin: *
etag: W/"2f1-KgzNXR13iiZsGd9vGUR8VPpVUm8"
x-powered-by: Express
cf-cache-status: DYNAMIC
Nel: {"report_to":"cf-nel","success_fraction":0.0,"max_age":604800}
Report-To: {"group":"cf-nel","max_age":604800,"endpoints":[{"url":"https://a.nel.cloudflare.com/report/v4?s=KWk%2FSLxiWpb7hvEJbN8PR7XslrMWx%2FFBB3kFy6mJmVn6jee%2BtAzRBY5MLm4Pm8OEDUJEatPOfRDk3hjFCvP1OuO9OW2ks5SI5oNTdQL3MyhRcgrnyc7O1oe7dJCCFecMJtk%3D"}]}
Content-Encoding: gzip
Server: cloudflare
CF-RAY: 9e21390289ed7c0a-FRA
alt-svc: h3=":443"; ma=86400

[
    {
        "id": 1,
        "name": "Economy",
        "description": "Small hatchbacks, low fuel consumption",
        "price_per_day": "50.00",
        "image_url": "https://images.unsplash.com/photo-1549399542-7e3f8b79c341?auto=format&fit=crop&w=1200&q=80",
        "created_at": "2026-03-13T12:57:35.782Z"
    },
    {
        "id": 2,
        "name": "Comfort",
        "description": "Sedans with climate control and soft suspension",
        "price_per_day": "80.00",
        "image_url": "https://images.unsplash.com/photo-1494976388531-d1058494cdd8?auto=format&fit=crop&w=1200&q=80",
        "created_at": "2026-03-13T12:57:35.782Z"
    },
    {
        "id": 3,
        "name": "Lux",
        "description": "Premium SUVs and sports cars",
        "price_per_day": "120.00",
        "image_url": "https://images.unsplash.com/photo-1503376780353-7e6692767b70?auto=format&fit=crop&w=1200&q=80",
        "created_at": "2026-03-13T12:57:35.782Z"
    }
]
23:06:24.891 ?[34mINFO ?[0;39m [Test worker] ?[36mc.carbooking.taskApp.utils.LogUtil?[0;39m - ]]>&#x1f4e5;<![CDATA[ API ответ: статус 200
23:06:24.891 ?[34mINFO ?[0;39m [Test worker] ?[36mc.carbooking.taskApp.utils.LogUtil?[0;39m - ✅ Categories: 3
23:06:24.891 ?[34mINFO ?[0;39m [Test worker] ?[36mcom.carbooking.utils.TestNGListener?[0;39m - ✅ TEST PASSED: testGetCarTypes_ShouldReturn200
23:06:24.891 ?[34mINFO ?[0;39m [Test worker] ?[36mcom.carbooking.utils.TestNGListener?[0;39m - ----------------------------------------------------------------------
23:06:24.891 ?[34mINFO ?[0;39m [Test worker] ?[36mcom.carbooking.utils.TestNGListener?[0;39m - 
======================================================================
23:06:24.891 ?[34mINFO ?[0;39m [Test worker] ?[36mcom.carbooking.utils.TestNGListener?[0;39m - ****  TEST STARTED: testGetCars_CombinedFilters_ShouldWork
23:06:24.891 ?[34mINFO ?[0;39m [Test worker] ?[36mcom.carbooking.utils.TestNGListener?[0;39m - ======================================================================
23:06:24.891 ?[34mINFO ?[0;39m [Test worker] ?[36mc.carbooking.taskApp.utils.LogUtil?[0;39m - 
]]>&#x1f4cc;<![CDATA[ ШАГ: Comb filter
Request method:	GET
Request URI:	https://dev.pshacks.org/api/v3/cars?type=SEDAN&minPrice=30&maxPrice=150&available=true
Proxy:			<none>
Request params:	<none>
Query params:	<none>
Form params:	<none>
Path params:	<none>
Headers:		Accept=application/json, application/javascript, text/javascript, text/json
				Content-Type=application/json
Cookies:		<none>
Multiparts:		<none>
Body:			<none>
Request method:	GET
Request URI:	https://dev.pshacks.org/api/v3/cars?type=SEDAN&minPrice=30&maxPrice=150&available=true
Proxy:			<none>
Request params:	<none>
Query params:	<none>
Form params:	<none>
Path params:	<none>
Headers:		Accept=application/json, application/javascript, text/javascript, text/json
				Content-Type=application/json
Cookies:		<none>
Multiparts:		<none>
Body:			<none>
HTTP/1.1 200 OK
Date: Wed, 25 Mar 2026 22:06:25 GMT
Content-Type: application/json; charset=utf-8
Transfer-Encoding: chunked
Connection: keep-alive
access-control-allow-origin: *
etag: W/"b84-EapjJ6yGzPzZHuHNNLTanf0VRBE"
x-powered-by: Express
cf-cache-status: DYNAMIC
Nel: {"report_to":"cf-nel","success_fraction":0.0,"max_age":604800}
Report-To: {"group":"cf-nel","max_age":604800,"endpoints":[{"url":"https://a.nel.cloudflare.com/report/v4?s=dbggh3ZSx6oHWRVWgreIsJZqusYxIxlTZdiTlsyX%2FjyCFSvOl1876rxr8QjRZY33e16VpUZpzDNk4IB%2FRTo8yGYa8cJn3HSFs1JaV%2F0DA8hIai1vrYczOmKUZbWUTczcqJw%3D"}]}
Content-Encoding: gzip
Server: cloudflare
CF-RAY: 9e2139038973d9d7-FRA
alt-svc: h3=":443"; ma=86400

[
    {
        "id": 1,
        "category_id": 1,
        "number_plate": "A123BC77",
        "brand": "Kia",
        "model": "Rio",
        "image_url": "https://dev.pshacks.org/api/v3/cars/1/image",
        "status": "available",
        "created_at": "2026-03-13T12:57:35.806Z",
        "updated_at": "2026-03-13T12:57:35.806Z",
        "category_name": "Economy",
        "price_per_day": "50.00"
    },
    {
        "id": 2,
        "category_id": 1,
        "number_plate": "B456ET77",
        "brand": "Hyundai",
        "model": "Solaris",
        "image_url": "https://dev.pshacks.org/api/v3/cars/2/image",
        "status": "available",
        "created_at": "2026-03-13T12:57:35.806Z",
        "updated_at": "2026-03-13T12:57:35.806Z",
        "category_name": "Economy",
        "price_per_day": "50.00"
    },
    {
        "id": 7,
        "category_id": 1,
        "number_plate": "КА7780ХЕ",
        "brand": "Honda",
        "model": "Civic",
        "image_url": "https://dev.pshacks.org/api/v3/cars/7/image",
        "status": "available",
        "created_at": "2026-03-16T20:52:40.281Z",
        "updated_at": "2026-03-16T20:52:40.281Z",
        "category_name": "Economy",
        "price_per_day": "50.00"
    },
    {
        "id": 6,
        "category_id": 2,
        "number_plate": "ХА5555ОО",
        "brand": "Mitsubishi",
        "model": "Lancer",
        "image_url": "https://dev.pshacks.org/api/v3/cars/6/image",
        "status": "available",
        "created_at": "2026-03-16T20:50:40.040Z",
        "updated_at": "2026-03-16T20:50:40.040Z",
        "category_name": "Comfort",
        "price_per_day": "80.00"
    },
    {
        "id": 3,
        "category_id": 2,
        "number_plate": "K777MM77",
        "brand": "Toyota",
        "model": "Camry",
        "image_url": "https://dev.pshacks.org/api/v3/cars/3/image",
        "status": "available",
        "created_at": "2026-03-13T12:57:35.806Z",
        "updated_at": "2026-03-13T12:57:35.806Z",
        "category_name": "Comfort",
        "price_per_day": "80.00"
    },
    {
        "id": 8,
        "category_id": 2,
        "number_plate": "ОО1234КЕ",
        "brand": "Renault",
        "model": "Captur",
        "image_url": "https://dev.pshacks.org/api/v3/cars/8/image",
        "status": "available",
        "created_at": "2026-03-16T20:58:21.419Z",
        "updated_at": "2026-03-16T20:58:21.419Z",
        "category_name": "Comfort",
        "price_per_day": "80.00"
    },
    {
        "id": 9,
        "category_id": 3,
        "number_plate": "HE6675KO",
        "brand": "Mersedes",
        "model": "S-class",
        "image_url": "https://dev.pshacks.org/api/v3/cars/9/image",
        "status": "available",
        "created_at": "2026-03-16T21:00:07.363Z",
        "updated_at": "2026-03-16T21:00:07.363Z",
        "category_name": "Lux",
        "price_per_day": "120.00"
    },
    {
        "id": 10,
        "category_id": 3,
        "number_plate": "KA0001AA",
        "brand": "Rolls Royce ",
        "model": "Phantom",
        "image_url": "https://dev.pshacks.org/api/v3/cars/10/image",
        "status": "available",
        "created_at": "2026-03-16T21:03:07.683Z",
        "updated_at": "2026-03-16T21:03:07.683Z",
        "category_name": "Lux",
        "price_per_day": "120.00"
    },
    {
        "id": 5,
        "category_id": 3,
        "number_plate": "АК5567СС",
        "brand": "BMW",
        "model": "5",
        "image_url": "https://dev.pshacks.org/api/v3/cars/5/image",
        "status": "available",
        "created_at": "2026-03-16T20:48:29.220Z",
        "updated_at": "2026-03-16T20:48:29.220Z",
        "category_name": "Lux",
        "price_per_day": "120.00"
    },
    {
        "id": 4,
        "category_id": 3,
        "number_plate": "X001XX77",
        "brand": "Porsche",
        "model": "Taycan",
        "image_url": "https://dev.pshacks.org/api/v3/cars/4/image",
        "status": "available",
        "created_at": "2026-03-13T12:57:35.806Z",
        "updated_at": "2026-03-13T12:57:35.806Z",
        "category_name": "Lux",
        "price_per_day": "120.00"
    }
]
HTTP/1.1 200 OK
Date: Wed, 25 Mar 2026 22:06:25 GMT
Content-Type: application/json; charset=utf-8
Transfer-Encoding: chunked
Connection: keep-alive
access-control-allow-origin: *
etag: W/"b84-EapjJ6yGzPzZHuHNNLTanf0VRBE"
x-powered-by: Express
cf-cache-status: DYNAMIC
Nel: {"report_to":"cf-nel","success_fraction":0.0,"max_age":604800}
Report-To: {"group":"cf-nel","max_age":604800,"endpoints":[{"url":"https://a.nel.cloudflare.com/report/v4?s=dbggh3ZSx6oHWRVWgreIsJZqusYxIxlTZdiTlsyX%2FjyCFSvOl1876rxr8QjRZY33e16VpUZpzDNk4IB%2FRTo8yGYa8cJn3HSFs1JaV%2F0DA8hIai1vrYczOmKUZbWUTczcqJw%3D"}]}
Content-Encoding: gzip
Server: cloudflare
CF-RAY: 9e2139038973d9d7-FRA
alt-svc: h3=":443"; ma=86400

[
    {
        "id": 1,
        "category_id": 1,
        "number_plate": "A123BC77",
        "brand": "Kia",
        "model": "Rio",
        "image_url": "https://dev.pshacks.org/api/v3/cars/1/image",
        "status": "available",
        "created_at": "2026-03-13T12:57:35.806Z",
        "updated_at": "2026-03-13T12:57:35.806Z",
        "category_name": "Economy",
        "price_per_day": "50.00"
    },
    {
        "id": 2,
        "category_id": 1,
        "number_plate": "B456ET77",
        "brand": "Hyundai",
        "model": "Solaris",
        "image_url": "https://dev.pshacks.org/api/v3/cars/2/image",
        "status": "available",
        "created_at": "2026-03-13T12:57:35.806Z",
        "updated_at": "2026-03-13T12:57:35.806Z",
        "category_name": "Economy",
        "price_per_day": "50.00"
    },
    {
        "id": 7,
        "category_id": 1,
        "number_plate": "КА7780ХЕ",
        "brand": "Honda",
        "model": "Civic",
        "image_url": "https://dev.pshacks.org/api/v3/cars/7/image",
        "status": "available",
        "created_at": "2026-03-16T20:52:40.281Z",
        "updated_at": "2026-03-16T20:52:40.281Z",
        "category_name": "Economy",
        "price_per_day": "50.00"
    },
    {
        "id": 6,
        "category_id": 2,
        "number_plate": "ХА5555ОО",
        "brand": "Mitsubishi",
        "model": "Lancer",
        "image_url": "https://dev.pshacks.org/api/v3/cars/6/image",
        "status": "available",
        "created_at": "2026-03-16T20:50:40.040Z",
        "updated_at": "2026-03-16T20:50:40.040Z",
        "category_name": "Comfort",
        "price_per_day": "80.00"
    },
    {
        "id": 3,
        "category_id": 2,
        "number_plate": "K777MM77",
        "brand": "Toyota",
        "model": "Camry",
        "image_url": "https://dev.pshacks.org/api/v3/cars/3/image",
        "status": "available",
        "created_at": "2026-03-13T12:57:35.806Z",
        "updated_at": "2026-03-13T12:57:35.806Z",
        "category_name": "Comfort",
        "price_per_day": "80.00"
    },
    {
        "id": 8,
        "category_id": 2,
        "number_plate": "ОО1234КЕ",
        "brand": "Renault",
        "model": "Captur",
        "image_url": "https://dev.pshacks.org/api/v3/cars/8/image",
        "status": "available",
        "created_at": "2026-03-16T20:58:21.419Z",
        "updated_at": "2026-03-16T20:58:21.419Z",
        "category_name": "Comfort",
        "price_per_day": "80.00"
    },
    {
        "id": 9,
        "category_id": 3,
        "number_plate": "HE6675KO",
        "brand": "Mersedes",
        "model": "S-class",
        "image_url": "https://dev.pshacks.org/api/v3/cars/9/image",
        "status": "available",
        "created_at": "2026-03-16T21:00:07.363Z",
        "updated_at": "2026-03-16T21:00:07.363Z",
        "category_name": "Lux",
        "price_per_day": "120.00"
    },
    {
        "id": 10,
        "category_id": 3,
        "number_plate": "KA0001AA",
        "brand": "Rolls Royce ",
        "model": "Phantom",
        "image_url": "https://dev.pshacks.org/api/v3/cars/10/image",
        "status": "available",
        "created_at": "2026-03-16T21:03:07.683Z",
        "updated_at": "2026-03-16T21:03:07.683Z",
        "category_name": "Lux",
        "price_per_day": "120.00"
    },
    {
        "id": 5,
        "category_id": 3,
        "number_plate": "АК5567СС",
        "brand": "BMW",
        "model": "5",
        "image_url": "https://dev.pshacks.org/api/v3/cars/5/image",
        "status": "available",
        "created_at": "2026-03-16T20:48:29.220Z",
        "updated_at": "2026-03-16T20:48:29.220Z",
        "category_name": "Lux",
        "price_per_day": "120.00"
    },
    {
        "id": 4,
        "category_id": 3,
        "number_plate": "X001XX77",
        "brand": "Porsche",
        "model": "Taycan",
        "image_url": "https://dev.pshacks.org/api/v3/cars/4/image",
        "status": "available",
        "created_at": "2026-03-13T12:57:35.806Z",
        "updated_at": "2026-03-13T12:57:35.806Z",
        "category_name": "Lux",
        "price_per_day": "120.00"
    }
]
23:06:25.084 ?[34mINFO ?[0;39m [Test worker] ?[36mc.carbooking.taskApp.utils.LogUtil?[0;39m - ]]>&#x1f4e5;<![CDATA[ API ответ: статус 200
23:06:25.084 ?[34mINFO ?[0;39m [Test worker] ?[36mc.carbooking.taskApp.utils.LogUtil?[0;39m - ✅ Result: 10
23:06:25.100 ?[34mINFO ?[0;39m [Test worker] ?[36mcom.carbooking.utils.TestNGListener?[0;39m - ✅ TEST PASSED: testGetCars_CombinedFilters_ShouldWork
23:06:25.100 ?[34mINFO ?[0;39m [Test worker] ?[36mcom.carbooking.utils.TestNGListener?[0;39m - ----------------------------------------------------------------------
23:06:25.100 ?[34mINFO ?[0;39m [Test worker] ?[36mcom.carbooking.utils.TestNGListener?[0;39m - 
======================================================================
23:06:25.100 ?[34mINFO ?[0;39m [Test worker] ?[36mcom.carbooking.utils.TestNGListener?[0;39m - ****  TEST STARTED: testGetCars_NoCarsAvailable_ShouldReturn200WithEmptyList
23:06:25.100 ?[34mINFO ?[0;39m [Test worker] ?[36mcom.carbooking.utils.TestNGListener?[0;39m - ======================================================================
23:06:25.100 ?[34mINFO ?[0;39m [Test worker] ?[36mc.carbooking.taskApp.utils.LogUtil?[0;39m - 
]]>&#x1f4cc;<![CDATA[ ШАГ:  Price filter check
Request method:	GET
Request URI:	https://dev.pshacks.org/api/v3/cars?minPrice=8000000&maxPrice=10000000
Proxy:			<none>
Request params:	<none>
Query params:	minPrice=8000000
				maxPrice=10000000
Form params:	<none>
Path params:	<none>
Headers:		Accept=application/json, application/javascript, text/javascript, text/json
				Content-Type=application/json
Cookies:		<none>
Multiparts:		<none>
Body:			<none>
Request method:	GET
Request URI:	https://dev.pshacks.org/api/v3/cars?minPrice=8000000&maxPrice=10000000
Proxy:			<none>
Request params:	<none>
Query params:	minPrice=8000000
				maxPrice=10000000
Form params:	<none>
Path params:	<none>
Headers:		Accept=application/json, application/javascript, text/javascript, text/json
				Content-Type=application/json
Cookies:		<none>
Multiparts:		<none>
Body:			<none>
HTTP/1.1 200 OK
Date: Wed, 25 Mar 2026 22:06:26 GMT
Content-Type: application/json; charset=utf-8
Transfer-Encoding: chunked
Connection: keep-alive
access-control-allow-origin: *
etag: W/"b84-EapjJ6yGzPzZHuHNNLTanf0VRBE"
x-powered-by: Express
cf-cache-status: DYNAMIC
Nel: {"report_to":"cf-nel","success_fraction":0.0,"max_age":604800}
Report-To: {"group":"cf-nel","max_age":604800,"endpoints":[{"url":"https://a.nel.cloudflare.com/report/v4?s=ehpzkJ3QR5OTkl%2Bbb8BFjhLoZjB6UvVf44vG%2BzNOdDTL%2B7bT9M3ZP3QLAYayfcIjin2lRYg7wfeGZ6sMVoxW9lOvv%2BXfv96aKTnASVgE74NRfsSOEioLaSbl1zL%2FEkNPKFY%3D"}]}
Content-Encoding: gzip
Server: cloudflare
CF-RAY: 9e213904efc89752-FRA
alt-svc: h3=":443"; ma=86400

[
    {
        "id": 1,
        "category_id": 1,
        "number_plate": "A123BC77",
        "brand": "Kia",
        "model": "Rio",
        "image_url": "https://dev.pshacks.org/api/v3/cars/1/image",
        "status": "available",
        "created_at": "2026-03-13T12:57:35.806Z",
        "updated_at": "2026-03-13T12:57:35.806Z",
        "category_name": "Economy",
        "price_per_day": "50.00"
    },
    {
        "id": 2,
        "category_id": 1,
        "number_plate": "B456ET77",
        "brand": "Hyundai",
        "model": "Solaris",
        "image_url": "https://dev.pshacks.org/api/v3/cars/2/image",
        "status": "available",
        "created_at": "2026-03-13T12:57:35.806Z",
        "updated_at": "2026-03-13T12:57:35.806Z",
        "category_name": "Economy",
        "price_per_day": "50.00"
    },
    {
        "id": 7,
        "category_id": 1,
        "number_plate": "КА7780ХЕ",
        "brand": "Honda",
        "model": "Civic",
        "image_url": "https://dev.pshacks.org/api/v3/cars/7/image",
        "status": "available",
        "created_at": "2026-03-16T20:52:40.281Z",
        "updated_at": "2026-03-16T20:52:40.281Z",
        "category_name": "Economy",
        "price_per_day": "50.00"
    },
    {
        "id": 6,
        "category_id": 2,
        "number_plate": "ХА5555ОО",
        "brand": "Mitsubishi",
        "model": "Lancer",
        "image_url": "https://dev.pshacks.org/api/v3/cars/6/image",
        "status": "available",
        "created_at": "2026-03-16T20:50:40.040Z",
        "updated_at": "2026-03-16T20:50:40.040Z",
        "category_name": "Comfort",
        "price_per_day": "80.00"
    },
    {
        "id": 3,
        "category_id": 2,
        "number_plate": "K777MM77",
        "brand": "Toyota",
        "model": "Camry",
        "image_url": "https://dev.pshacks.org/api/v3/cars/3/image",
        "status": "available",
        "created_at": "2026-03-13T12:57:35.806Z",
        "updated_at": "2026-03-13T12:57:35.806Z",
        "category_name": "Comfort",
        "price_per_day": "80.00"
    },
    {
        "id": 8,
        "category_id": 2,
        "number_plate": "ОО1234КЕ",
        "brand": "Renault",
        "model": "Captur",
        "image_url": "https://dev.pshacks.org/api/v3/cars/8/image",
        "status": "available",
        "created_at": "2026-03-16T20:58:21.419Z",
        "updated_at": "2026-03-16T20:58:21.419Z",
        "category_name": "Comfort",
        "price_per_day": "80.00"
    },
    {
        "id": 9,
        "category_id": 3,
        "number_plate": "HE6675KO",
        "brand": "Mersedes",
        "model": "S-class",
        "image_url": "https://dev.pshacks.org/api/v3/cars/9/image",
        "status": "available",
        "created_at": "2026-03-16T21:00:07.363Z",
        "updated_at": "2026-03-16T21:00:07.363Z",
        "category_name": "Lux",
        "price_per_day": "120.00"
    },
    {
        "id": 10,
        "category_id": 3,
        "number_plate": "KA0001AA",
        "brand": "Rolls Royce ",
        "model": "Phantom",
        "image_url": "https://dev.pshacks.org/api/v3/cars/10/image",
        "status": "available",
        "created_at": "2026-03-16T21:03:07.683Z",
        "updated_at": "2026-03-16T21:03:07.683Z",
        "category_name": "Lux",
        "price_per_day": "120.00"
    },
    {
        "id": 5,
        "category_id": 3,
        "number_plate": "АК5567СС",
        "brand": "BMW",
        "model": "5",
        "image_url": "https://dev.pshacks.org/api/v3/cars/5/image",
        "status": "available",
        "created_at": "2026-03-16T20:48:29.220Z",
        "updated_at": "2026-03-16T20:48:29.220Z",
        "category_name": "Lux",
        "price_per_day": "120.00"
    },
    {
        "id": 4,
        "category_id": 3,
        "number_plate": "X001XX77",
        "brand": "Porsche",
        "model": "Taycan",
        "image_url": "https://dev.pshacks.org/api/v3/cars/4/image",
        "status": "available",
        "created_at": "2026-03-13T12:57:35.806Z",
        "updated_at": "2026-03-13T12:57:35.806Z",
        "category_name": "Lux",
        "price_per_day": "120.00"
    }
]
HTTP/1.1 200 OK
Date: Wed, 25 Mar 2026 22:06:26 GMT
Content-Type: application/json; charset=utf-8
Transfer-Encoding: chunked
Connection: keep-alive
access-control-allow-origin: *
etag: W/"b84-EapjJ6yGzPzZHuHNNLTanf0VRBE"
x-powered-by: Express
cf-cache-status: DYNAMIC
Nel: {"report_to":"cf-nel","success_fraction":0.0,"max_age":604800}
Report-To: {"group":"cf-nel","max_age":604800,"endpoints":[{"url":"https://a.nel.cloudflare.com/report/v4?s=ehpzkJ3QR5OTkl%2Bbb8BFjhLoZjB6UvVf44vG%2BzNOdDTL%2B7bT9M3ZP3QLAYayfcIjin2lRYg7wfeGZ6sMVoxW9lOvv%2BXfv96aKTnASVgE74NRfsSOEioLaSbl1zL%2FEkNPKFY%3D"}]}
Content-Encoding: gzip
Server: cloudflare
CF-RAY: 9e213904efc89752-FRA
alt-svc: h3=":443"; ma=86400

[
    {
        "id": 1,
        "category_id": 1,
        "number_plate": "A123BC77",
        "brand": "Kia",
        "model": "Rio",
        "image_url": "https://dev.pshacks.org/api/v3/cars/1/image",
        "status": "available",
        "created_at": "2026-03-13T12:57:35.806Z",
        "updated_at": "2026-03-13T12:57:35.806Z",
        "category_name": "Economy",
        "price_per_day": "50.00"
    },
    {
        "id": 2,
        "category_id": 1,
        "number_plate": "B456ET77",
        "brand": "Hyundai",
        "model": "Solaris",
        "image_url": "https://dev.pshacks.org/api/v3/cars/2/image",
        "status": "available",
        "created_at": "2026-03-13T12:57:35.806Z",
        "updated_at": "2026-03-13T12:57:35.806Z",
        "category_name": "Economy",
        "price_per_day": "50.00"
    },
    {
        "id": 7,
        "category_id": 1,
        "number_plate": "КА7780ХЕ",
        "brand": "Honda",
        "model": "Civic",
        "image_url": "https://dev.pshacks.org/api/v3/cars/7/image",
        "status": "available",
        "created_at": "2026-03-16T20:52:40.281Z",
        "updated_at": "2026-03-16T20:52:40.281Z",
        "category_name": "Economy",
        "price_per_day": "50.00"
    },
    {
        "id": 6,
        "category_id": 2,
        "number_plate": "ХА5555ОО",
        "brand": "Mitsubishi",
        "model": "Lancer",
        "image_url": "https://dev.pshacks.org/api/v3/cars/6/image",
        "status": "available",
        "created_at": "2026-03-16T20:50:40.040Z",
        "updated_at": "2026-03-16T20:50:40.040Z",
        "category_name": "Comfort",
        "price_per_day": "80.00"
    },
    {
        "id": 3,
        "category_id": 2,
        "number_plate": "K777MM77",
        "brand": "Toyota",
        "model": "Camry",
        "image_url": "https://dev.pshacks.org/api/v3/cars/3/image",
        "status": "available",
        "created_at": "2026-03-13T12:57:35.806Z",
        "updated_at": "2026-03-13T12:57:35.806Z",
        "category_name": "Comfort",
        "price_per_day": "80.00"
    },
    {
        "id": 8,
        "category_id": 2,
        "number_plate": "ОО1234КЕ",
        "brand": "Renault",
        "model": "Captur",
        "image_url": "https://dev.pshacks.org/api/v3/cars/8/image",
        "status": "available",
        "created_at": "2026-03-16T20:58:21.419Z",
        "updated_at": "2026-03-16T20:58:21.419Z",
        "category_name": "Comfort",
        "price_per_day": "80.00"
    },
    {
        "id": 9,
        "category_id": 3,
        "number_plate": "HE6675KO",
        "brand": "Mersedes",
        "model": "S-class",
        "image_url": "https://dev.pshacks.org/api/v3/cars/9/image",
        "status": "available",
        "created_at": "2026-03-16T21:00:07.363Z",
        "updated_at": "2026-03-16T21:00:07.363Z",
        "category_name": "Lux",
        "price_per_day": "120.00"
    },
    {
        "id": 10,
        "category_id": 3,
        "number_plate": "KA0001AA",
        "brand": "Rolls Royce ",
        "model": "Phantom",
        "image_url": "https://dev.pshacks.org/api/v3/cars/10/image",
        "status": "available",
        "created_at": "2026-03-16T21:03:07.683Z",
        "updated_at": "2026-03-16T21:03:07.683Z",
        "category_name": "Lux",
        "price_per_day": "120.00"
    },
    {
        "id": 5,
        "category_id": 3,
        "number_plate": "АК5567СС",
        "brand": "BMW",
        "model": "5",
        "image_url": "https://dev.pshacks.org/api/v3/cars/5/image",
        "status": "available",
        "created_at": "2026-03-16T20:48:29.220Z",
        "updated_at": "2026-03-16T20:48:29.220Z",
        "category_name": "Lux",
        "price_per_day": "120.00"
    },
    {
        "id": 4,
        "category_id": 3,
        "number_plate": "X001XX77",
        "brand": "Porsche",
        "model": "Taycan",
        "image_url": "https://dev.pshacks.org/api/v3/cars/4/image",
        "status": "available",
        "created_at": "2026-03-13T12:57:35.806Z",
        "updated_at": "2026-03-13T12:57:35.806Z",
        "category_name": "Lux",
        "price_per_day": "120.00"
    }
]
23:06:25.318 ?[34mINFO ?[0;39m [Test worker] ?[36mc.carbooking.taskApp.utils.LogUtil?[0;39m - ]]>&#x1f4e5;<![CDATA[ API ответ: статус 200
23:06:25.323 ?[34mINFO ?[0;39m [Test worker] ?[36mc.carbooking.taskApp.utils.LogUtil?[0;39m - ✅ ⚠️ БАГ НАЙДЕН: Сервер прислал машину с ценой 50.00, хотя мы просили от 8000000
23:06:25.323 ?[1;31mERROR?[0;39m [Test worker] ?[36mcom.carbooking.utils.TestNGListener?[0;39m - ❌ TEST FAILED: testGetCars_NoCarsAvailable_ShouldReturn200WithEmptyList
23:06:25.323 ?[1;31mERROR?[0;39m [Test worker] ?[36mcom.carbooking.utils.TestNGListener?[0;39m - Reason: ФИЛЬТР НЕ РАБОТАЕТ! Ожидался пустой список, но пришло машин: 10 expected [true] but found [false]
23:06:25.323 ?[1;31mERROR?[0;39m [Test worker] ?[36mcom.carbooking.utils.TestNGListener?[0;39m - ----------------------------------------------------------------------
23:06:25.323 ?[34mINFO ?[0;39m [Test worker] ?[36mcom.carbooking.utils.TestNGListener?[0;39m - 
======================================================================
23:06:25.323 ?[34mINFO ?[0;39m [Test worker] ?[36mcom.carbooking.utils.TestNGListener?[0;39m - ****  TEST STARTED: testGetCars_WithDateFilter_ShouldShowCarsFreeOnDates
23:06:25.323 ?[34mINFO ?[0;39m [Test worker] ?[36mcom.carbooking.utils.TestNGListener?[0;39m - ======================================================================
23:06:25.335 ?[34mINFO ?[0;39m [Test worker] ?[36mc.carbooking.taskApp.utils.LogUtil?[0;39m - 
]]>&#x1f4cc;<![CDATA[ ШАГ: Search for available cars by dates
Request method:	GET
Request URI:	https://dev.pshacks.org/api/v3/cars?startDate=2024-12-01&endDate=2024-12-05
Proxy:			<none>
Request params:	<none>
Query params:	<none>
Form params:	<none>
Path params:	<none>
Headers:		Accept=application/json, application/javascript, text/javascript, text/json
				Content-Type=application/json
Cookies:		<none>
Multiparts:		<none>
Body:			<none>
Request method:	GET
Request URI:	https://dev.pshacks.org/api/v3/cars?startDate=2024-12-01&endDate=2024-12-05
Proxy:			<none>
Request params:	<none>
Query params:	<none>
Form params:	<none>
Path params:	<none>
Headers:		Accept=application/json, application/javascript, text/javascript, text/json
				Content-Type=application/json
Cookies:		<none>
Multiparts:		<none>
Body:			<none>
HTTP/1.1 200 OK
Date: Wed, 25 Mar 2026 22:06:26 GMT
Content-Type: application/json; charset=utf-8
Transfer-Encoding: chunked
Connection: keep-alive
access-control-allow-origin: *
etag: W/"b84-EapjJ6yGzPzZHuHNNLTanf0VRBE"
x-powered-by: Express
cf-cache-status: DYNAMIC
Nel: {"report_to":"cf-nel","success_fraction":0.0,"max_age":604800}
Report-To: {"group":"cf-nel","max_age":604800,"endpoints":[{"url":"https://a.nel.cloudflare.com/report/v4?s=mroR8r92ncLpoBJWAfYT6g5F4%2Bi0QA4wXkkhua8dx2wOHgwyrrpsJ9kC4s6MrNnssd7kp0snaF5rqQjzWwz2NNX3aQlWXs%2F%2Be6fflP0R%2B9w%2FYWUJjajrWWikpQ6hZeKV1ww%3D"}]}
Content-Encoding: gzip
Server: cloudflare
CF-RAY: 9e2139062d986d26-FRA
alt-svc: h3=":443"; ma=86400

[
    {
        "id": 1,
        "category_id": 1,
        "number_plate": "A123BC77",
        "brand": "Kia",
        "model": "Rio",
        "image_url": "https://dev.pshacks.org/api/v3/cars/1/image",
        "status": "available",
        "created_at": "2026-03-13T12:57:35.806Z",
        "updated_at": "2026-03-13T12:57:35.806Z",
        "category_name": "Economy",
        "price_per_day": "50.00"
    },
    {
        "id": 2,
        "category_id": 1,
        "number_plate": "B456ET77",
        "brand": "Hyundai",
        "model": "Solaris",
        "image_url": "https://dev.pshacks.org/api/v3/cars/2/image",
        "status": "available",
        "created_at": "2026-03-13T12:57:35.806Z",
        "updated_at": "2026-03-13T12:57:35.806Z",
        "category_name": "Economy",
        "price_per_day": "50.00"
    },
    {
        "id": 7,
        "category_id": 1,
        "number_plate": "КА7780ХЕ",
        "brand": "Honda",
        "model": "Civic",
        "image_url": "https://dev.pshacks.org/api/v3/cars/7/image",
        "status": "available",
        "created_at": "2026-03-16T20:52:40.281Z",
        "updated_at": "2026-03-16T20:52:40.281Z",
        "category_name": "Economy",
        "price_per_day": "50.00"
    },
    {
        "id": 6,
        "category_id": 2,
        "number_plate": "ХА5555ОО",
        "brand": "Mitsubishi",
        "model": "Lancer",
        "image_url": "https://dev.pshacks.org/api/v3/cars/6/image",
        "status": "available",
        "created_at": "2026-03-16T20:50:40.040Z",
        "updated_at": "2026-03-16T20:50:40.040Z",
        "category_name": "Comfort",
        "price_per_day": "80.00"
    },
    {
        "id": 3,
        "category_id": 2,
        "number_plate": "K777MM77",
        "brand": "Toyota",
        "model": "Camry",
        "image_url": "https://dev.pshacks.org/api/v3/cars/3/image",
        "status": "available",
        "created_at": "2026-03-13T12:57:35.806Z",
        "updated_at": "2026-03-13T12:57:35.806Z",
        "category_name": "Comfort",
        "price_per_day": "80.00"
    },
    {
        "id": 8,
        "category_id": 2,
        "number_plate": "ОО1234КЕ",
        "brand": "Renault",
        "model": "Captur",
        "image_url": "https://dev.pshacks.org/api/v3/cars/8/image",
        "status": "available",
        "created_at": "2026-03-16T20:58:21.419Z",
        "updated_at": "2026-03-16T20:58:21.419Z",
        "category_name": "Comfort",
        "price_per_day": "80.00"
    },
    {
        "id": 9,
        "category_id": 3,
        "number_plate": "HE6675KO",
        "brand": "Mersedes",
        "model": "S-class",
        "image_url": "https://dev.pshacks.org/api/v3/cars/9/image",
        "status": "available",
        "created_at": "2026-03-16T21:00:07.363Z",
        "updated_at": "2026-03-16T21:00:07.363Z",
        "category_name": "Lux",
        "price_per_day": "120.00"
    },
    {
        "id": 10,
        "category_id": 3,
        "number_plate": "KA0001AA",
        "brand": "Rolls Royce ",
        "model": "Phantom",
        "image_url": "https://dev.pshacks.org/api/v3/cars/10/image",
        "status": "available",
        "created_at": "2026-03-16T21:03:07.683Z",
        "updated_at": "2026-03-16T21:03:07.683Z",
        "category_name": "Lux",
        "price_per_day": "120.00"
    },
    {
        "id": 5,
        "category_id": 3,
        "number_plate": "АК5567СС",
        "brand": "BMW",
        "model": "5",
        "image_url": "https://dev.pshacks.org/api/v3/cars/5/image",
        "status": "available",
        "created_at": "2026-03-16T20:48:29.220Z",
        "updated_at": "2026-03-16T20:48:29.220Z",
        "category_name": "Lux",
        "price_per_day": "120.00"
    },
    {
        "id": 4,
        "category_id": 3,
        "number_plate": "X001XX77",
        "brand": "Porsche",
        "model": "Taycan",
        "image_url": "https://dev.pshacks.org/api/v3/cars/4/image",
        "status": "available",
        "created_at": "2026-03-13T12:57:35.806Z",
        "updated_at": "2026-03-13T12:57:35.806Z",
        "category_name": "Lux",
        "price_per_day": "120.00"
    }
]
HTTP/1.1 200 OK
Date: Wed, 25 Mar 2026 22:06:26 GMT
Content-Type: application/json; charset=utf-8
Transfer-Encoding: chunked
Connection: keep-alive
access-control-allow-origin: *
etag: W/"b84-EapjJ6yGzPzZHuHNNLTanf0VRBE"
x-powered-by: Express
cf-cache-status: DYNAMIC
Nel: {"report_to":"cf-nel","success_fraction":0.0,"max_age":604800}
Report-To: {"group":"cf-nel","max_age":604800,"endpoints":[{"url":"https://a.nel.cloudflare.com/report/v4?s=mroR8r92ncLpoBJWAfYT6g5F4%2Bi0QA4wXkkhua8dx2wOHgwyrrpsJ9kC4s6MrNnssd7kp0snaF5rqQjzWwz2NNX3aQlWXs%2F%2Be6fflP0R%2B9w%2FYWUJjajrWWikpQ6hZeKV1ww%3D"}]}
Content-Encoding: gzip
Server: cloudflare
CF-RAY: 9e2139062d986d26-FRA
alt-svc: h3=":443"; ma=86400

[
    {
        "id": 1,
        "category_id": 1,
        "number_plate": "A123BC77",
        "brand": "Kia",
        "model": "Rio",
        "image_url": "https://dev.pshacks.org/api/v3/cars/1/image",
        "status": "available",
        "created_at": "2026-03-13T12:57:35.806Z",
        "updated_at": "2026-03-13T12:57:35.806Z",
        "category_name": "Economy",
        "price_per_day": "50.00"
    },
    {
        "id": 2,
        "category_id": 1,
        "number_plate": "B456ET77",
        "brand": "Hyundai",
        "model": "Solaris",
        "image_url": "https://dev.pshacks.org/api/v3/cars/2/image",
        "status": "available",
        "created_at": "2026-03-13T12:57:35.806Z",
        "updated_at": "2026-03-13T12:57:35.806Z",
        "category_name": "Economy",
        "price_per_day": "50.00"
    },
    {
        "id": 7,
        "category_id": 1,
        "number_plate": "КА7780ХЕ",
        "brand": "Honda",
        "model": "Civic",
        "image_url": "https://dev.pshacks.org/api/v3/cars/7/image",
        "status": "available",
        "created_at": "2026-03-16T20:52:40.281Z",
        "updated_at": "2026-03-16T20:52:40.281Z",
        "category_name": "Economy",
        "price_per_day": "50.00"
    },
    {
        "id": 6,
        "category_id": 2,
        "number_plate": "ХА5555ОО",
        "brand": "Mitsubishi",
        "model": "Lancer",
        "image_url": "https://dev.pshacks.org/api/v3/cars/6/image",
        "status": "available",
        "created_at": "2026-03-16T20:50:40.040Z",
        "updated_at": "2026-03-16T20:50:40.040Z",
        "category_name": "Comfort",
        "price_per_day": "80.00"
    },
    {
        "id": 3,
        "category_id": 2,
        "number_plate": "K777MM77",
        "brand": "Toyota",
        "model": "Camry",
        "image_url": "https://dev.pshacks.org/api/v3/cars/3/image",
        "status": "available",
        "created_at": "2026-03-13T12:57:35.806Z",
        "updated_at": "2026-03-13T12:57:35.806Z",
        "category_name": "Comfort",
        "price_per_day": "80.00"
    },
    {
        "id": 8,
        "category_id": 2,
        "number_plate": "ОО1234КЕ",
        "brand": "Renault",
        "model": "Captur",
        "image_url": "https://dev.pshacks.org/api/v3/cars/8/image",
        "status": "available",
        "created_at": "2026-03-16T20:58:21.419Z",
        "updated_at": "2026-03-16T20:58:21.419Z",
        "category_name": "Comfort",
        "price_per_day": "80.00"
    },
    {
        "id": 9,
        "category_id": 3,
        "number_plate": "HE6675KO",
        "brand": "Mersedes",
        "model": "S-class",
        "image_url": "https://dev.pshacks.org/api/v3/cars/9/image",
        "status": "available",
        "created_at": "2026-03-16T21:00:07.363Z",
        "updated_at": "2026-03-16T21:00:07.363Z",
        "category_name": "Lux",
        "price_per_day": "120.00"
    },
    {
        "id": 10,
        "category_id": 3,
        "number_plate": "KA0001AA",
        "brand": "Rolls Royce ",
        "model": "Phantom",
        "image_url": "https://dev.pshacks.org/api/v3/cars/10/image",
        "status": "available",
        "created_at": "2026-03-16T21:03:07.683Z",
        "updated_at": "2026-03-16T21:03:07.683Z",
        "category_name": "Lux",
        "price_per_day": "120.00"
    },
    {
        "id": 5,
        "category_id": 3,
        "number_plate": "АК5567СС",
        "brand": "BMW",
        "model": "5",
        "image_url": "https://dev.pshacks.org/api/v3/cars/5/image",
        "status": "available",
        "created_at": "2026-03-16T20:48:29.220Z",
        "updated_at": "2026-03-16T20:48:29.220Z",
        "category_name": "Lux",
        "price_per_day": "120.00"
    },
    {
        "id": 4,
        "category_id": 3,
        "number_plate": "X001XX77",
        "brand": "Porsche",
        "model": "Taycan",
        "image_url": "https://dev.pshacks.org/api/v3/cars/4/image",
        "status": "available",
        "created_at": "2026-03-13T12:57:35.806Z",
        "updated_at": "2026-03-13T12:57:35.806Z",
        "category_name": "Lux",
        "price_per_day": "120.00"
    }
]
23:06:25.514 ?[34mINFO ?[0;39m [Test worker] ?[36mc.carbooking.taskApp.utils.LogUtil?[0;39m - ]]>&#x1f4e5;<![CDATA[ API ответ: статус 200
23:06:25.526 ?[34mINFO ?[0;39m [Test worker] ?[36mc.carbooking.taskApp.utils.LogUtil?[0;39m - ✅ Available cars on the dates2024-12-01 - 2024-12-05: 10
23:06:25.526 ?[34mINFO ?[0;39m [Test worker] ?[36mcom.carbooking.utils.TestNGListener?[0;39m - ✅ TEST PASSED: testGetCars_WithDateFilter_ShouldShowCarsFreeOnDates
23:06:25.526 ?[34mINFO ?[0;39m [Test worker] ?[36mcom.carbooking.utils.TestNGListener?[0;39m - ----------------------------------------------------------------------
23:06:25.526 ?[34mINFO ?[0;39m [Test worker] ?[36mcom.carbooking.utils.TestNGListener?[0;39m - 
======================================================================
23:06:25.526 ?[34mINFO ?[0;39m [Test worker] ?[36mcom.carbooking.utils.TestNGListener?[0;39m - ****  TEST STARTED: testGetCars_WithPagination_ShouldReturnLimitedResults
23:06:25.526 ?[34mINFO ?[0;39m [Test worker] ?[36mcom.carbooking.utils.TestNGListener?[0;39m - ======================================================================
23:06:25.526 ?[34mINFO ?[0;39m [Test worker] ?[36mc.carbooking.taskApp.utils.LogUtil?[0;39m - 
]]>&#x1f4cc;<![CDATA[ ШАГ: Pagination test
Request method:	GET
Request URI:	https://dev.pshacks.org/api/v3/cars?page=0&size=5
Proxy:			<none>
Request params:	<none>
Query params:	<none>
Form params:	<none>
Path params:	<none>
Headers:		Accept=application/json, application/javascript, text/javascript, text/json
				Content-Type=application/json
Cookies:		<none>
Multiparts:		<none>
Body:			<none>
Request method:	GET
Request URI:	https://dev.pshacks.org/api/v3/cars?page=0&size=5
Proxy:			<none>
Request params:	<none>
Query params:	<none>
Form params:	<none>
Path params:	<none>
Headers:		Accept=application/json, application/javascript, text/javascript, text/json
				Content-Type=application/json
Cookies:		<none>
Multiparts:		<none>
Body:			<none>
HTTP/1.1 200 OK
Date: Wed, 25 Mar 2026 22:06:26 GMT
Content-Type: application/json; charset=utf-8
Transfer-Encoding: chunked
Connection: keep-alive
access-control-allow-origin: *
etag: W/"b84-EapjJ6yGzPzZHuHNNLTanf0VRBE"
x-powered-by: Express
cf-cache-status: DYNAMIC
Nel: {"report_to":"cf-nel","success_fraction":0.0,"max_age":604800}
Report-To: {"group":"cf-nel","max_age":604800,"endpoints":[{"url":"https://a.nel.cloudflare.com/report/v4?s=WuF1C3yvWFTzvsrB1SBkcNaqFLWLD3pMWMidyP0HS%2Fxabq22h8QaghjrVj%2FLbuPCIsdCmMLxq4PohE2Hm6z4NmW0SMzZY%2F%2FFVEVo%2BsS84BXuW5pKKP0oEL%2Bdqlt%2BPpdBpSc%3D"}]}
Content-Encoding: gzip
Server: cloudflare
CF-RAY: 9e2139077a845c8d-FRA
alt-svc: h3=":443"; ma=86400

[
    {
        "id": 1,
        "category_id": 1,
        "number_plate": "A123BC77",
        "brand": "Kia",
        "model": "Rio",
        "image_url": "https://dev.pshacks.org/api/v3/cars/1/image",
        "status": "available",
        "created_at": "2026-03-13T12:57:35.806Z",
        "updated_at": "2026-03-13T12:57:35.806Z",
        "category_name": "Economy",
        "price_per_day": "50.00"
    },
    {
        "id": 2,
        "category_id": 1,
        "number_plate": "B456ET77",
        "brand": "Hyundai",
        "model": "Solaris",
        "image_url": "https://dev.pshacks.org/api/v3/cars/2/image",
        "status": "available",
        "created_at": "2026-03-13T12:57:35.806Z",
        "updated_at": "2026-03-13T12:57:35.806Z",
        "category_name": "Economy",
        "price_per_day": "50.00"
    },
    {
        "id": 7,
        "category_id": 1,
        "number_plate": "КА7780ХЕ",
        "brand": "Honda",
        "model": "Civic",
        "image_url": "https://dev.pshacks.org/api/v3/cars/7/image",
        "status": "available",
        "created_at": "2026-03-16T20:52:40.281Z",
        "updated_at": "2026-03-16T20:52:40.281Z",
        "category_name": "Economy",
        "price_per_day": "50.00"
    },
    {
        "id": 6,
        "category_id": 2,
        "number_plate": "ХА5555ОО",
        "brand": "Mitsubishi",
        "model": "Lancer",
        "image_url": "https://dev.pshacks.org/api/v3/cars/6/image",
        "status": "available",
        "created_at": "2026-03-16T20:50:40.040Z",
        "updated_at": "2026-03-16T20:50:40.040Z",
        "category_name": "Comfort",
        "price_per_day": "80.00"
    },
    {
        "id": 3,
        "category_id": 2,
        "number_plate": "K777MM77",
        "brand": "Toyota",
        "model": "Camry",
        "image_url": "https://dev.pshacks.org/api/v3/cars/3/image",
        "status": "available",
        "created_at": "2026-03-13T12:57:35.806Z",
        "updated_at": "2026-03-13T12:57:35.806Z",
        "category_name": "Comfort",
        "price_per_day": "80.00"
    },
    {
        "id": 8,
        "category_id": 2,
        "number_plate": "ОО1234КЕ",
        "brand": "Renault",
        "model": "Captur",
        "image_url": "https://dev.pshacks.org/api/v3/cars/8/image",
        "status": "available",
        "created_at": "2026-03-16T20:58:21.419Z",
        "updated_at": "2026-03-16T20:58:21.419Z",
        "category_name": "Comfort",
        "price_per_day": "80.00"
    },
    {
        "id": 9,
        "category_id": 3,
        "number_plate": "HE6675KO",
        "brand": "Mersedes",
        "model": "S-class",
        "image_url": "https://dev.pshacks.org/api/v3/cars/9/image",
        "status": "available",
        "created_at": "2026-03-16T21:00:07.363Z",
        "updated_at": "2026-03-16T21:00:07.363Z",
        "category_name": "Lux",
        "price_per_day": "120.00"
    },
    {
        "id": 10,
        "category_id": 3,
        "number_plate": "KA0001AA",
        "brand": "Rolls Royce ",
        "model": "Phantom",
        "image_url": "https://dev.pshacks.org/api/v3/cars/10/image",
        "status": "available",
        "created_at": "2026-03-16T21:03:07.683Z",
        "updated_at": "2026-03-16T21:03:07.683Z",
        "category_name": "Lux",
        "price_per_day": "120.00"
    },
    {
        "id": 5,
        "category_id": 3,
        "number_plate": "АК5567СС",
        "brand": "BMW",
        "model": "5",
        "image_url": "https://dev.pshacks.org/api/v3/cars/5/image",
        "status": "available",
        "created_at": "2026-03-16T20:48:29.220Z",
        "updated_at": "2026-03-16T20:48:29.220Z",
        "category_name": "Lux",
        "price_per_day": "120.00"
    },
    {
        "id": 4,
        "category_id": 3,
        "number_plate": "X001XX77",
        "brand": "Porsche",
        "model": "Taycan",
        "image_url": "https://dev.pshacks.org/api/v3/cars/4/image",
        "status": "available",
        "created_at": "2026-03-13T12:57:35.806Z",
        "updated_at": "2026-03-13T12:57:35.806Z",
        "category_name": "Lux",
        "price_per_day": "120.00"
    }
]
HTTP/1.1 200 OK
Date: Wed, 25 Mar 2026 22:06:26 GMT
Content-Type: application/json; charset=utf-8
Transfer-Encoding: chunked
Connection: keep-alive
access-control-allow-origin: *
etag: W/"b84-EapjJ6yGzPzZHuHNNLTanf0VRBE"
x-powered-by: Express
cf-cache-status: DYNAMIC
Nel: {"report_to":"cf-nel","success_fraction":0.0,"max_age":604800}
Report-To: {"group":"cf-nel","max_age":604800,"endpoints":[{"url":"https://a.nel.cloudflare.com/report/v4?s=WuF1C3yvWFTzvsrB1SBkcNaqFLWLD3pMWMidyP0HS%2Fxabq22h8QaghjrVj%2FLbuPCIsdCmMLxq4PohE2Hm6z4NmW0SMzZY%2F%2FFVEVo%2BsS84BXuW5pKKP0oEL%2Bdqlt%2BPpdBpSc%3D"}]}
Content-Encoding: gzip
Server: cloudflare
CF-RAY: 9e2139077a845c8d-FRA
alt-svc: h3=":443"; ma=86400

[
    {
        "id": 1,
        "category_id": 1,
        "number_plate": "A123BC77",
        "brand": "Kia",
        "model": "Rio",
        "image_url": "https://dev.pshacks.org/api/v3/cars/1/image",
        "status": "available",
        "created_at": "2026-03-13T12:57:35.806Z",
        "updated_at": "2026-03-13T12:57:35.806Z",
        "category_name": "Economy",
        "price_per_day": "50.00"
    },
    {
        "id": 2,
        "category_id": 1,
        "number_plate": "B456ET77",
        "brand": "Hyundai",
        "model": "Solaris",
        "image_url": "https://dev.pshacks.org/api/v3/cars/2/image",
        "status": "available",
        "created_at": "2026-03-13T12:57:35.806Z",
        "updated_at": "2026-03-13T12:57:35.806Z",
        "category_name": "Economy",
        "price_per_day": "50.00"
    },
    {
        "id": 7,
        "category_id": 1,
        "number_plate": "КА7780ХЕ",
        "brand": "Honda",
        "model": "Civic",
        "image_url": "https://dev.pshacks.org/api/v3/cars/7/image",
        "status": "available",
        "created_at": "2026-03-16T20:52:40.281Z",
        "updated_at": "2026-03-16T20:52:40.281Z",
        "category_name": "Economy",
        "price_per_day": "50.00"
    },
    {
        "id": 6,
        "category_id": 2,
        "number_plate": "ХА5555ОО",
        "brand": "Mitsubishi",
        "model": "Lancer",
        "image_url": "https://dev.pshacks.org/api/v3/cars/6/image",
        "status": "available",
        "created_at": "2026-03-16T20:50:40.040Z",
        "updated_at": "2026-03-16T20:50:40.040Z",
        "category_name": "Comfort",
        "price_per_day": "80.00"
    },
    {
        "id": 3,
        "category_id": 2,
        "number_plate": "K777MM77",
        "brand": "Toyota",
        "model": "Camry",
        "image_url": "https://dev.pshacks.org/api/v3/cars/3/image",
        "status": "available",
        "created_at": "2026-03-13T12:57:35.806Z",
        "updated_at": "2026-03-13T12:57:35.806Z",
        "category_name": "Comfort",
        "price_per_day": "80.00"
    },
    {
        "id": 8,
        "category_id": 2,
        "number_plate": "ОО1234КЕ",
        "brand": "Renault",
        "model": "Captur",
        "image_url": "https://dev.pshacks.org/api/v3/cars/8/image",
        "status": "available",
        "created_at": "2026-03-16T20:58:21.419Z",
        "updated_at": "2026-03-16T20:58:21.419Z",
        "category_name": "Comfort",
        "price_per_day": "80.00"
    },
    {
        "id": 9,
        "category_id": 3,
        "number_plate": "HE6675KO",
        "brand": "Mersedes",
        "model": "S-class",
        "image_url": "https://dev.pshacks.org/api/v3/cars/9/image",
        "status": "available",
        "created_at": "2026-03-16T21:00:07.363Z",
        "updated_at": "2026-03-16T21:00:07.363Z",
        "category_name": "Lux",
        "price_per_day": "120.00"
    },
    {
        "id": 10,
        "category_id": 3,
        "number_plate": "KA0001AA",
        "brand": "Rolls Royce ",
        "model": "Phantom",
        "image_url": "https://dev.pshacks.org/api/v3/cars/10/image",
        "status": "available",
        "created_at": "2026-03-16T21:03:07.683Z",
        "updated_at": "2026-03-16T21:03:07.683Z",
        "category_name": "Lux",
        "price_per_day": "120.00"
    },
    {
        "id": 5,
        "category_id": 3,
        "number_plate": "АК5567СС",
        "brand": "BMW",
        "model": "5",
        "image_url": "https://dev.pshacks.org/api/v3/cars/5/image",
        "status": "available",
        "created_at": "2026-03-16T20:48:29.220Z",
        "updated_at": "2026-03-16T20:48:29.220Z",
        "category_name": "Lux",
        "price_per_day": "120.00"
    },
    {
        "id": 4,
        "category_id": 3,
        "number_plate": "X001XX77",
        "brand": "Porsche",
        "model": "Taycan",
        "image_url": "https://dev.pshacks.org/api/v3/cars/4/image",
        "status": "available",
        "created_at": "2026-03-13T12:57:35.806Z",
        "updated_at": "2026-03-13T12:57:35.806Z",
        "category_name": "Lux",
        "price_per_day": "120.00"
    }
]
23:06:25.720 ?[34mINFO ?[0;39m [Test worker] ?[36mc.carbooking.taskApp.utils.LogUtil?[0;39m - ]]>&#x1f4e5;<![CDATA[ API ответ: статус 200
23:06:25.720 ?[1;31mERROR?[0;39m [Test worker] ?[36mcom.carbooking.utils.TestNGListener?[0;39m - ❌ TEST FAILED: testGetCars_WithPagination_ShouldReturnLimitedResults
23:06:25.720 ?[1;31mERROR?[0;39m [Test worker] ?[36mcom.carbooking.utils.TestNGListener?[0;39m - Reason: No more should return 5 cars expected [true] but found [false]
23:06:25.720 ?[1;31mERROR?[0;39m [Test worker] ?[36mcom.carbooking.utils.TestNGListener?[0;39m - ----------------------------------------------------------------------
]]></system-out>
  <system-err><![CDATA[]]></system-err>
</testsuite>
