<?xml version="1.0" encoding="UTF-8"?>
<testsuite name="com.carbooking.gui.tests.negative.RegistrationNegativeTests" tests="1" skipped="0" failures="0" errors="0" timestamp="2026-03-25T16:59:37.482Z" hostname="VITROM" time="14.907">
  <properties/>
  <testcase name="testRegistrationWithExistingEmail" classname="com.carbooking.gui.tests.negative.RegistrationNegativeTests" time="13.458"/>
  <system-out><![CDATA[17:59:37.511 ?[34mINFO ?[0;39m [Test worker] ?[36mi.g.bonigarcia.wdm.WebDriverManager?[0;39m - Using chromedriver 146.0.7680.165 (resolved driver for Chrome 146)
17:59:37.515 ?[34mINFO ?[0;39m [Test worker] ?[36mi.g.bonigarcia.wdm.WebDriverManager?[0;39m - Exporting webdriver.chrome.driver as C:\Users\vitro\.cache\selenium\chromedriver\win64\146.0.7680.165\chromedriver.exe
17:59:38.931 ?[34mINFO ?[0;39m [Test worker] ?[36mcom.carbooking.utils.TestNGListener?[0;39m - 
======================================================================
17:59:38.933 ?[34mINFO ?[0;39m [Test worker] ?[36mcom.carbooking.utils.TestNGListener?[0;39m - ****  TEST STARTED: testRegistrationWithExistingEmail
17:59:38.933 ?[34mINFO ?[0;39m [Test worker] ?[36mcom.carbooking.utils.TestNGListener?[0;39m - ======================================================================
17:59:52.393 ?[34mINFO ?[0;39m [Test worker] ?[36mcom.carbooking.utils.TestNGListener?[0;39m - ✅ TEST PASSED: testRegistrationWithExistingEmail
17:59:52.393 ?[34mINFO ?[0;39m [Test worker] ?[36mcom.carbooking.utils.TestNGListener?[0;39m - ----------------------------------------------------------------------
]]></system-out>
  <system-err><![CDATA[Mar 25, 2026 5:59:38 PM org.openqa.selenium.devtools.CdpVersionFinder findNearestMatch
WARNING: Unable to find CDP implementation matching 146
Mar 25, 2026 5:59:38 PM org.openqa.selenium.chromium.ChromiumDriver lambda$new$4
WARNING: Unable to find version of CDP to use for 146.0.7680.80. You may need to include a dependency on a specific version of the CDP using something similar to `org.seleniumhq.selenium:selenium-devtools-v86:4.31.0` where the version ("v86") matches the version of the chromium-based browser you're using and the version number of the artifact is the same as Selenium's.
]]></system-err>
</testsuite>
