<?xml version="1.0" encoding="UTF-8"?>
<testsuite name="com.carbooking.gui.tests.FirstTest" tests="1" skipped="0" failures="0" errors="0" timestamp="2026-03-25T22:02:59.560Z" hostname="VITROM" time="1.799">
  <properties/>
  <testcase name="testOpenBrowser" classname="com.carbooking.gui.tests.FirstTest" time="0.028"/>
  <system-out><![CDATA[23:03:00.022 ?[34mINFO ?[0;39m [Test worker] ?[36mi.g.bonigarcia.wdm.WebDriverManager?[0;39m - Using chromedriver 146.0.7680.165 (resolved driver for Chrome 146)
23:03:00.040 ?[34mINFO ?[0;39m [Test worker] ?[36mi.g.bonigarcia.wdm.WebDriverManager?[0;39m - Exporting webdriver.chrome.driver as C:\Users\vitro\.cache\selenium\chromedriver\win64\146.0.7680.165\chromedriver.exe
23:03:01.332 ?[34mINFO ?[0;39m [Test worker] ?[36mcom.carbooking.utils.TestNGListener?[0;39m - 
======================================================================
23:03:01.333 ?[34mINFO ?[0;39m [Test worker] ?[36mcom.carbooking.utils.TestNGListener?[0;39m - ****  TEST STARTED: testOpenBrowser
23:03:01.333 ?[34mINFO ?[0;39m [Test worker] ?[36mcom.carbooking.utils.TestNGListener?[0;39m - ======================================================================
Сайт открыт, тест прошел успешно!
23:03:01.373 ?[34mINFO ?[0;39m [Test worker] ?[36mcom.carbooking.utils.TestNGListener?[0;39m - ✅ TEST PASSED: testOpenBrowser
23:03:01.374 ?[34mINFO ?[0;39m [Test worker] ?[36mcom.carbooking.utils.TestNGListener?[0;39m - ----------------------------------------------------------------------
]]></system-out>
  <system-err><![CDATA[Mar 25, 2026 11:03:01 PM org.openqa.selenium.devtools.CdpVersionFinder findNearestMatch
WARNING: Unable to find CDP implementation matching 146
Mar 25, 2026 11:03:01 PM org.openqa.selenium.chromium.ChromiumDriver lambda$new$4
WARNING: Unable to find version of CDP to use for 146.0.7680.80. You may need to include a dependency on a specific version of the CDP using something similar to `org.seleniumhq.selenium:selenium-devtools-v86:4.31.0` where the version ("v86") matches the version of the chromium-based browser you're using and the version number of the artifact is the same as Selenium's.
]]></system-err>
</testsuite>
