<?xml version="1.0" encoding="UTF-8"?>
<testsuite name="com.carbooking.gui.tests.all.AllTestsRunner" tests="1" skipped="0" failures="0" errors="0" timestamp="2026-03-25T22:03:04.878Z" hostname="VITROM" time="128.465">
  <properties/>
  <testcase name="runEverything" classname="com.carbooking.gui.tests.all.AllTestsRunner" time="128.463"/>
  <system-out><![CDATA[23:03:04.880 ?[34mINFO ?[0;39m [Test worker] ?[36mcom.carbooking.utils.TestNGListener?[0;39m - 
======================================================================
23:03:04.880 ?[34mINFO ?[0;39m [Test worker] ?[36mcom.carbooking.utils.TestNGListener?[0;39m - ****  TEST STARTED: runEverything
23:03:04.880 ?[34mINFO ?[0;39m [Test worker] ?[36mcom.carbooking.utils.TestNGListener?[0;39m - ======================================================================
23:03:04.928 ?[34mINFO ?[0;39m [Test worker] ?[36morg.testng.internal.Utils?[0;39m - [TestNG] Running:
  Command line suite

23:03:04.943 ?[34mINFO ?[0;39m [Test worker] ?[36mi.g.bonigarcia.wdm.WebDriverManager?[0;39m - Using chromedriver 146.0.7680.165 (resolved driver for Chrome 146)
23:03:04.951 ?[34mINFO ?[0;39m [Test worker] ?[36mi.g.bonigarcia.wdm.WebDriverManager?[0;39m - Exporting webdriver.chrome.driver as C:\Users\vitro\.cache\selenium\chromedriver\win64\146.0.7680.165\chromedriver.exe
23:03:15.974 ?[34mINFO ?[0;39m [Test worker] ?[36mi.g.bonigarcia.wdm.WebDriverManager?[0;39m - Using chromedriver 146.0.7680.165 (resolved driver for Chrome 146)
23:03:15.981 ?[34mINFO ?[0;39m [Test worker] ?[36mi.g.bonigarcia.wdm.WebDriverManager?[0;39m - Exporting webdriver.chrome.driver as C:\Users\vitro\.cache\selenium\chromedriver\win64\146.0.7680.165\chromedriver.exe
23:03:24.835 ?[34mINFO ?[0;39m [Test worker] ?[36mi.g.bonigarcia.wdm.WebDriverManager?[0;39m - Using chromedriver 146.0.7680.165 (resolved driver for Chrome 146)
23:03:24.843 ?[34mINFO ?[0;39m [Test worker] ?[36mi.g.bonigarcia.wdm.WebDriverManager?[0;39m - Exporting webdriver.chrome.driver as C:\Users\vitro\.cache\selenium\chromedriver\win64\146.0.7680.165\chromedriver.exe
Кнопка Logout не появилась вовремя. Текущий URL: http://localhost:5173/register
23:03:47.229 ?[34mINFO ?[0;39m [Test worker] ?[36mi.g.bonigarcia.wdm.WebDriverManager?[0;39m - Using chromedriver 146.0.7680.165 (resolved driver for Chrome 146)
23:03:47.245 ?[34mINFO ?[0;39m [Test worker] ?[36mi.g.bonigarcia.wdm.WebDriverManager?[0;39m - Exporting webdriver.chrome.driver as C:\Users\vitro\.cache\selenium\chromedriver\win64\146.0.7680.165\chromedriver.exe
23:04:01.028 ?[34mINFO ?[0;39m [Test worker] ?[36mi.g.bonigarcia.wdm.WebDriverManager?[0;39m - Using chromedriver 146.0.7680.165 (resolved driver for Chrome 146)
23:04:01.048 ?[34mINFO ?[0;39m [Test worker] ?[36mi.g.bonigarcia.wdm.WebDriverManager?[0;39m - Exporting webdriver.chrome.driver as C:\Users\vitro\.cache\selenium\chromedriver\win64\146.0.7680.165\chromedriver.exe
23:04:12.610 ?[34mINFO ?[0;39m [Test worker] ?[36mi.g.bonigarcia.wdm.WebDriverManager?[0;39m - Using chromedriver 146.0.7680.165 (resolved driver for Chrome 146)
23:04:12.619 ?[34mINFO ?[0;39m [Test worker] ?[36mi.g.bonigarcia.wdm.WebDriverManager?[0;39m - Exporting webdriver.chrome.driver as C:\Users\vitro\.cache\selenium\chromedriver\win64\146.0.7680.165\chromedriver.exe
23:04:24.929 ?[34mINFO ?[0;39m [Test worker] ?[36mi.g.bonigarcia.wdm.WebDriverManager?[0;39m - Using chromedriver 146.0.7680.165 (resolved driver for Chrome 146)
23:04:24.935 ?[34mINFO ?[0;39m [Test worker] ?[36mi.g.bonigarcia.wdm.WebDriverManager?[0;39m - Exporting webdriver.chrome.driver as C:\Users\vitro\.cache\selenium\chromedriver\win64\146.0.7680.165\chromedriver.exe
Кнопки бронирования не появились для дат в прошлом. Тест пройден.
23:04:49.618 ?[34mINFO ?[0;39m [Test worker] ?[36mi.g.bonigarcia.wdm.WebDriverManager?[0;39m - Using chromedriver 146.0.7680.165 (resolved driver for Chrome 146)
23:04:49.639 ?[34mINFO ?[0;39m [Test worker] ?[36mi.g.bonigarcia.wdm.WebDriverManager?[0;39m - Exporting webdriver.chrome.driver as C:\Users\vitro\.cache\selenium\chromedriver\win64\146.0.7680.165\chromedriver.exe
23:05:01.033 ?[34mINFO ?[0;39m [Test worker] ?[36mi.g.bonigarcia.wdm.WebDriverManager?[0;39m - Using chromedriver 146.0.7680.165 (resolved driver for Chrome 146)
23:05:01.044 ?[34mINFO ?[0;39m [Test worker] ?[36mi.g.bonigarcia.wdm.WebDriverManager?[0;39m - Exporting webdriver.chrome.driver as C:\Users\vitro\.cache\selenium\chromedriver\win64\146.0.7680.165\chromedriver.exe
23:05:02.918 ?[34mINFO ?[0;39m [Test worker] ?[36mi.g.bonigarcia.wdm.WebDriverManager?[0;39m - Using chromedriver 146.0.7680.165 (resolved driver for Chrome 146)
23:05:02.928 ?[34mINFO ?[0;39m [Test worker] ?[36mi.g.bonigarcia.wdm.WebDriverManager?[0;39m - Exporting webdriver.chrome.driver as C:\Users\vitro\.cache\selenium\chromedriver\win64\146.0.7680.165\chromedriver.exe
23:05:05.064 ?[34mINFO ?[0;39m [Test worker] ?[36mi.g.bonigarcia.wdm.WebDriverManager?[0;39m - Using chromedriver 146.0.7680.165 (resolved driver for Chrome 146)
23:05:05.064 ?[34mINFO ?[0;39m [Test worker] ?[36mi.g.bonigarcia.wdm.WebDriverManager?[0;39m - Exporting webdriver.chrome.driver as C:\Users\vitro\.cache\selenium\chromedriver\win64\146.0.7680.165\chromedriver.exe

===============================================
Command line suite
Total tests run: 11, Passes: 8, Failures: 3, Skips: 0
===============================================

23:05:13.343 ?[34mINFO ?[0;39m [Test worker] ?[36mcom.carbooking.utils.TestNGListener?[0;39m - ✅ TEST PASSED: runEverything
23:05:13.343 ?[34mINFO ?[0;39m [Test worker] ?[36mcom.carbooking.utils.TestNGListener?[0;39m - ----------------------------------------------------------------------
]]></system-out>
  <system-err><![CDATA[Mar 25, 2026 11:03:05 PM org.openqa.selenium.devtools.CdpVersionFinder findNearestMatch
WARNING: Unable to find CDP implementation matching 146
Mar 25, 2026 11:03:05 PM org.openqa.selenium.chromium.ChromiumDriver lambda$new$4
WARNING: Unable to find version of CDP to use for 146.0.7680.80. You may need to include a dependency on a specific version of the CDP using something similar to `org.seleniumhq.selenium:selenium-devtools-v86:4.31.0` where the version ("v86") matches the version of the chromium-based browser you're using and the version number of the artifact is the same as Selenium's.
Mar 25, 2026 11:03:16 PM org.openqa.selenium.devtools.CdpVersionFinder findNearestMatch
WARNING: Unable to find CDP implementation matching 146
Mar 25, 2026 11:03:16 PM org.openqa.selenium.chromium.ChromiumDriver lambda$new$4
WARNING: Unable to find version of CDP to use for 146.0.7680.80. You may need to include a dependency on a specific version of the CDP using something similar to `org.seleniumhq.selenium:selenium-devtools-v86:4.31.0` where the version ("v86") matches the version of the chromium-based browser you're using and the version number of the artifact is the same as Selenium's.
Mar 25, 2026 11:03:25 PM org.openqa.selenium.devtools.CdpVersionFinder findNearestMatch
WARNING: Unable to find CDP implementation matching 146
Mar 25, 2026 11:03:25 PM org.openqa.selenium.chromium.ChromiumDriver lambda$new$4
WARNING: Unable to find version of CDP to use for 146.0.7680.80. You may need to include a dependency on a specific version of the CDP using something similar to `org.seleniumhq.selenium:selenium-devtools-v86:4.31.0` where the version ("v86") matches the version of the chromium-based browser you're using and the version number of the artifact is the same as Selenium's.
Mar 25, 2026 11:03:47 PM org.openqa.selenium.devtools.CdpVersionFinder findNearestMatch
WARNING: Unable to find CDP implementation matching 146
Mar 25, 2026 11:03:47 PM org.openqa.selenium.chromium.ChromiumDriver lambda$new$4
WARNING: Unable to find version of CDP to use for 146.0.7680.80. You may need to include a dependency on a specific version of the CDP using something similar to `org.seleniumhq.selenium:selenium-devtools-v86:4.31.0` where the version ("v86") matches the version of the chromium-based browser you're using and the version number of the artifact is the same as Selenium's.
Mar 25, 2026 11:04:01 PM org.openqa.selenium.devtools.CdpVersionFinder findNearestMatch
WARNING: Unable to find CDP implementation matching 146
Mar 25, 2026 11:04:01 PM org.openqa.selenium.chromium.ChromiumDriver lambda$new$4
WARNING: Unable to find version of CDP to use for 146.0.7680.80. You may need to include a dependency on a specific version of the CDP using something similar to `org.seleniumhq.selenium:selenium-devtools-v86:4.31.0` where the version ("v86") matches the version of the chromium-based browser you're using and the version number of the artifact is the same as Selenium's.
Mar 25, 2026 11:04:13 PM org.openqa.selenium.devtools.CdpVersionFinder findNearestMatch
WARNING: Unable to find CDP implementation matching 146
Mar 25, 2026 11:04:13 PM org.openqa.selenium.chromium.ChromiumDriver lambda$new$4
WARNING: Unable to find version of CDP to use for 146.0.7680.80. You may need to include a dependency on a specific version of the CDP using something similar to `org.seleniumhq.selenium:selenium-devtools-v86:4.31.0` where the version ("v86") matches the version of the chromium-based browser you're using and the version number of the artifact is the same as Selenium's.
Mar 25, 2026 11:04:25 PM org.openqa.selenium.devtools.CdpVersionFinder findNearestMatch
WARNING: Unable to find CDP implementation matching 146
Mar 25, 2026 11:04:25 PM org.openqa.selenium.chromium.ChromiumDriver lambda$new$4
WARNING: Unable to find version of CDP to use for 146.0.7680.80. You may need to include a dependency on a specific version of the CDP using something similar to `org.seleniumhq.selenium:selenium-devtools-v86:4.31.0` where the version ("v86") matches the version of the chromium-based browser you're using and the version number of the artifact is the same as Selenium's.
Mar 25, 2026 11:04:50 PM org.openqa.selenium.devtools.CdpVersionFinder findNearestMatch
WARNING: Unable to find CDP implementation matching 146
Mar 25, 2026 11:04:50 PM org.openqa.selenium.chromium.ChromiumDriver lambda$new$4
WARNING: Unable to find version of CDP to use for 146.0.7680.80. You may need to include a dependency on a specific version of the CDP using something similar to `org.seleniumhq.selenium:selenium-devtools-v86:4.31.0` where the version ("v86") matches the version of the chromium-based browser you're using and the version number of the artifact is the same as Selenium's.
Mar 25, 2026 11:05:01 PM org.openqa.selenium.devtools.CdpVersionFinder findNearestMatch
WARNING: Unable to find CDP implementation matching 146
Mar 25, 2026 11:05:01 PM org.openqa.selenium.chromium.ChromiumDriver lambda$new$4
WARNING: Unable to find version of CDP to use for 146.0.7680.80. You may need to include a dependency on a specific version of the CDP using something similar to `org.seleniumhq.selenium:selenium-devtools-v86:4.31.0` where the version ("v86") matches the version of the chromium-based browser you're using and the version number of the artifact is the same as Selenium's.
Mar 25, 2026 11:05:03 PM org.openqa.selenium.devtools.CdpVersionFinder findNearestMatch
WARNING: Unable to find CDP implementation matching 146
Mar 25, 2026 11:05:03 PM org.openqa.selenium.chromium.ChromiumDriver lambda$new$4
WARNING: Unable to find version of CDP to use for 146.0.7680.80. You may need to include a dependency on a specific version of the CDP using something similar to `org.seleniumhq.selenium:selenium-devtools-v86:4.31.0` where the version ("v86") matches the version of the chromium-based browser you're using and the version number of the artifact is the same as Selenium's.
Mar 25, 2026 11:05:06 PM org.openqa.selenium.devtools.CdpVersionFinder findNearestMatch
WARNING: Unable to find CDP implementation matching 146
Mar 25, 2026 11:05:06 PM org.openqa.selenium.chromium.ChromiumDriver lambda$new$4
WARNING: Unable to find version of CDP to use for 146.0.7680.80. You may need to include a dependency on a specific version of the CDP using something similar to `org.seleniumhq.selenium:selenium-devtools-v86:4.31.0` where the version ("v86") matches the version of the chromium-based browser you're using and the version number of the artifact is the same as Selenium's.
]]></system-err>
</testsuite>
