<?xml version="1.0" encoding="UTF-8"?>
<testsuite name="com.carbooking.taskApp.database.TestConnection" tests="2" skipped="0" failures="0" errors="0" timestamp="2026-03-25T22:06:27.359Z" hostname="VITROM" time="0.231">
  <properties/>
  <testcase name="testDBConnection" classname="com.carbooking.taskApp.database.TestConnection" time="0.226"/>
  <testcase name="testGetAllCarsFromDb" classname="com.carbooking.taskApp.database.TestConnection" time="0.006"/>
  <system-out><![CDATA[23:06:27.356 ?[34mINFO ?[0;39m [Test worker] ?[36mcom.carbooking.utils.TestNGListener?[0;39m - 
======================================================================
23:06:27.356 ?[34mINFO ?[0;39m [Test worker] ?[36mcom.carbooking.utils.TestNGListener?[0;39m - ****  TEST STARTED: testDBConnection
23:06:27.356 ?[34mINFO ?[0;39m [Test worker] ?[36mcom.carbooking.utils.TestNGListener?[0;39m - ======================================================================
DB connection OK
23:06:27.584 ?[34mINFO ?[0;39m [Test worker] ?[36mcom.carbooking.utils.TestNGListener?[0;39m - ✅ TEST PASSED: testDBConnection
23:06:27.584 ?[34mINFO ?[0;39m [Test worker] ?[36mcom.carbooking.utils.TestNGListener?[0;39m - ----------------------------------------------------------------------
23:06:27.584 ?[34mINFO ?[0;39m [Test worker] ?[36mcom.carbooking.utils.TestNGListener?[0;39m - 
======================================================================
23:06:27.584 ?[34mINFO ?[0;39m [Test worker] ?[36mcom.carbooking.utils.TestNGListener?[0;39m - ****  TEST STARTED: testGetAllCarsFromDb
23:06:27.584 ?[34mINFO ?[0;39m [Test worker] ?[36mcom.carbooking.utils.TestNGListener?[0;39m - ======================================================================
Total cars in the database: 6
Car: Renault Captur | Status: available
Car: Mercedes S-class | Status: available
Car: Rolls Royce Phantom | Status: available
Car: Honda Civic | Status: available
Car: Hyundai Solaris | Status: available
Car: Kia Rio | Status: available
23:06:27.590 ?[34mINFO ?[0;39m [Test worker] ?[36mcom.carbooking.utils.TestNGListener?[0;39m - ✅ TEST PASSED: testGetAllCarsFromDb
23:06:27.590 ?[34mINFO ?[0;39m [Test worker] ?[36mcom.carbooking.utils.TestNGListener?[0;39m - ----------------------------------------------------------------------
]]></system-out>
  <system-err><![CDATA[]]></system-err>
</testsuite>
