<?xml version="1.0" encoding="UTF-8"?>
<testsuite name="com.carbooking.taskApp.database.tests.UserDatabaseTest" tests="1" skipped="0" failures="0" errors="0" timestamp="2026-03-25T22:06:27.669Z" hostname="VITROM" time="0.0">
  <properties/>
  <testcase name="testGetUserByEmailFromDb" classname="com.carbooking.taskApp.database.tests.UserDatabaseTest" time="0.0"/>
  <system-out><![CDATA[23:06:27.669 ?[34mINFO ?[0;39m [Test worker] ?[36mcom.carbooking.utils.TestNGListener?[0;39m - 
======================================================================
23:06:27.669 ?[34mINFO ?[0;39m [Test worker] ?[36mcom.carbooking.utils.TestNGListener?[0;39m - ****  TEST STARTED: testGetUserByEmailFromDb
23:06:27.669 ?[34mINFO ?[0;39m [Test worker] ?[36mcom.carbooking.utils.TestNGListener?[0;39m - ======================================================================
Test completed successfully! User found:Test User1
23:06:27.669 ?[34mINFO ?[0;39m [Test worker] ?[36mcom.carbooking.utils.TestNGListener?[0;39m - ✅ TEST PASSED: testGetUserByEmailFromDb
23:06:27.669 ?[34mINFO ?[0;39m [Test worker] ?[36mcom.carbooking.utils.TestNGListener?[0;39m - ----------------------------------------------------------------------
]]></system-out>
  <system-err><![CDATA[]]></system-err>
</testsuite>
